
[1mRooFit v3.60 -- Developed by Wouter Verkerke and David Kirkby[0m 
                Copyright (C) 2000-2013 NIKHEF, University of California & Stanford University
                All rights reserved, please read http://roofit.sourceforge.net/license.txt

Making logger( 0x7fff55bf15f0, PidYieldPresenter.Logger ) 
Setting globalLogLevel = warning
Looking in PidYieldPresenter.Logger:logLevel
LogLevel = info
Info     : [PidYieldPresenter.PidYieldPresenter] 
Making logger( 0x7fff55bf15f0, PidYieldPresenter.Reporter.Logger ) 
Looking in PidYieldPresenter.Reporter.Logger:logLevel
LogLevel = info
ERROR in TPDF::Open: Cannot open file:../products/presentation/15GeV/present.pdf
Info     : [Reporter]  Opening ../products/presentation/15GeV/present.pdf
Info     : [Reporter]  Instance #1
Info     : [newPage]  New Page ( 1, 2, 0.01, 0.01 ) 
Info     : [cd]  Current Pad 1
Info     : [PidYieldPresenter.integrateEta] 
Info     : [PidYieldPresenter.integrateEta] Looking for /Pi_yield/yield_Pi_0_n_0
Info     : [PidYieldPresenter.integrateEta] found
Info     : [PidYieldPresenter.integrateEta] Found 1 to combine 
Info     : [PidYieldPresenter.integrateEta] 
Info     : [PidYieldPresenter.integrateEta] Looking for /Pi_yield/yield_Pi_6_n_0
Info     : [PidYieldPresenter.integrateEta] found
Info     : [PidYieldPresenter.integrateEta] Found 1 to combine 
Info     : [PidYieldPresenter.integrateEta] 
Info     : [PidYieldPresenter.integrateEta] Looking for /Pi_yield/yield_Pi_0_p_0
Info     : [PidYieldPresenter.integrateEta] found
Info     : [PidYieldPresenter.integrateEta] Found 1 to combine 
Info     : [PidYieldPresenter.integrateEta] 
Info     : [PidYieldPresenter.integrateEta] Looking for /Pi_yield/yield_Pi_6_p_0
Info     : [PidYieldPresenter.integrateEta] found
Info     : [PidYieldPresenter.integrateEta] Found 1 to combine 
Info     : [PidYieldPresenter.integrateEta] 
Info     : [PidYieldPresenter.integrateEta] Looking for /K_yield/yield_K_0_n_0
Info     : [PidYieldPresenter.integrateEta] found
Info     : [PidYieldPresenter.integrateEta] Found 1 to combine 
Info     : [PidYieldPresenter.integrateEta] 
Info     : [PidYieldPresenter.integrateEta] Looking for /K_yield/yield_K_6_n_0
Info     : [PidYieldPresenter.integrateEta] found
Info     : [PidYieldPresenter.integrateEta] Found 1 to combine 
Info     : [PidYieldPresenter.integrateEta] 
Info     : [PidYieldPresenter.integrateEta] Looking for /K_yield/yield_K_0_p_0
Info     : [PidYieldPresenter.integrateEta] found
Info     : [PidYieldPresenter.integrateEta] Found 1 to combine 
Info     : [PidYieldPresenter.integrateEta] 
Info     : [PidYieldPresenter.integrateEta] Looking for /K_yield/yield_K_6_p_0
Info     : [PidYieldPresenter.integrateEta] found
Info     : [PidYieldPresenter.integrateEta] Found 1 to combine 
Info     : [PidYieldPresenter.integrateEta] 
Info     : [PidYieldPresenter.integrateEta] Looking for /P_yield/yield_P_0_n_0
Info     : [PidYieldPresenter.integrateEta] found
Info     : [PidYieldPresenter.integrateEta] Found 1 to combine 
Info     : [PidYieldPresenter.integrateEta] 
Info     : [PidYieldPresenter.integrateEta] Looking for /P_yield/yield_P_6_n_0
Info     : [PidYieldPresenter.integrateEta] found
Info     : [PidYieldPresenter.integrateEta] Found 1 to combine 
Info     : [PidYieldPresenter.integrateEta] 
Info     : [PidYieldPresenter.integrateEta] Looking for /P_yield/yield_P_0_p_0
Info     : [PidYieldPresenter.integrateEta] found
Info     : [PidYieldPresenter.integrateEta] Found 1 to combine 
Info     : [PidYieldPresenter.integrateEta] 
Info     : [PidYieldPresenter.integrateEta] Looking for /P_yield/yield_P_6_p_0
Info     : [PidYieldPresenter.integrateEta] found
Info     : [PidYieldPresenter.integrateEta] Found 1 to combine 
Info     : [newPage]  New Page ( 1, 2, 0.01, 0.01 ) 
Info     : [cd]  Current Pad 1
Info     : [PidYieldPresenter.normalizeYield] Last Good Bin : 27
Info     : [PidYieldPresenter.normalizeYield] Last Good Bin : 27
Info     : [PidYieldPresenter.normalizeYield] Last Good Bin : 27
Info     : [PidYieldPresenter.normalizeYield] Last Good Bin : 27
Info     : [PidYieldPresenter.normalizeYield] Last Good Bin : 27
Info     : [PidYieldPresenter.normalizeYield] Last Good Bin : 27
Info     : [PidYieldPresenter.normalizeYield] Last Good Bin : 27
Info     : [PidYieldPresenter.normalizeYield] Last Good Bin : 27
Info     : [PidYieldPresenter.normalizeYield] Last Good Bin : 27
Info     : [PidYieldPresenter.normalizeYield] Last Good Bin : 27
Info     : [PidYieldPresenter.normalizeYield] Last Good Bin : 27
Info     : [PidYieldPresenter.normalizeYield] Last Good Bin : 27
Info     : [newPage]  New Page ( 2, 1, 0.01, 0.01 ) 
Info     : [cd]  Current Pad 1
Info     : [PidYieldPresenter.compareYields] Scale Factor: 0
Info     : [PidYieldPresenter.compareYields] Scale : 1
Info     : [PidYieldPresenter.compareYields] Scale Factor: 6
Info     : [PidYieldPresenter.compareYields] Scale : 1e-06
Info     : [saveImage]  Saving Image to ../products/15/presentation/export_yields_Pi.pdf
Info     : [next]  Pushing to next pad 
Info     : [cd]  Current Pad 2
Info     : [PidYieldPresenter.compareYields] Scale Factor: 0
Info     : [PidYieldPresenter.compareYields] Scale : 1
Info     : [PidYieldPresenter.compareYields] Scale Factor: 6
Info     : [PidYieldPresenter.compareYields] Scale : 1e-06
Info     : [saveImage]  Saving Image to ../products/15/presentation/export_yields_Pi.pdf
Info     : [next]  Pushing to next pad 
Info     : [savePage]  Saving Page to ../products/presentation/15GeV/present.pdf
Info     : [newPage]  New Page ( 2, 1, 0.01, 0.01 ) 
Info     : [cd]  Current Pad 1
Info     : [PidYieldPresenter.compareYields] Scale Factor: 0
Info     : [PidYieldPresenter.compareYields] Scale : 1
Info     : [PidYieldPresenter.compareYields] Scale Factor: 6
Info     : [PidYieldPresenter.compareYields] Scale : 1e-06
Info     : [saveImage]  Saving Image to ../products/15/presentation/export_yields_K.pdf
Info     : [next]  Pushing to next pad 
Info     : [cd]  Current Pad 2
Info     : [PidYieldPresenter.compareYields] Scale Factor: 0
Info     : [PidYieldPresenter.compareYields] Scale : 1
Info     : [PidYieldPresenter.compareYields] Scale Factor: 6
Info     : [PidYieldPresenter.compareYields] Scale : 1e-06
Info     : [saveImage]  Saving Image to ../products/15/presentation/export_yields_K.pdf
Info     : [next]  Pushing to next pad 
Info     : [savePage]  Saving Page to ../products/presentation/15GeV/present.pdf
Info     : [newPage]  New Page ( 2, 1, 0.01, 0.01 ) 
Info     : [cd]  Current Pad 1
Info     : [PidYieldPresenter.compareYields] Scale Factor: 0
Info     : [PidYieldPresenter.compareYields] Scale : 1
Info     : [PidYieldPresenter.compareYields] Scale Factor: 6
Info     : [PidYieldPresenter.compareYields] Scale : 1e-06
Info     : [saveImage]  Saving Image to ../products/15/presentation/export_yields_P.pdf
Info     : [next]  Pushing to next pad 
Info     : [cd]  Current Pad 2
Info     : [PidYieldPresenter.compareYields] Scale Factor: 0
Info     : [PidYieldPresenter.compareYields] Scale : 1
Info     : [PidYieldPresenter.compareYields] Scale Factor: 6
Info     : [PidYieldPresenter.compareYields] Scale : 1e-06
Info     : [saveImage]  Saving Image to ../products/15/presentation/export_yields_P.pdf
Info     : [next]  Pushing to next pad 
Info     : [savePage]  Saving Page to ../products/presentation/15GeV/present.pdf
Info     : [newPage]  New Page ( 2, 1, 0.01, 0.01 ) 
Info     : [cd]  Current Pad 1
Info     : [PidYieldPresenter.rcp] Central Bin : 0
Info     : [PidYieldPresenter.rcp] Periferal Bin : 6
Info     : [PidYieldPresenter.rcp] Scale Central Bin : 18.305
Info     : [PidYieldPresenter.rcp] Scale Periferal Bin : 787.9
Info     : [newPage]  New Page ( 1, 2, 0.01, 0.01 ) 
Info     : [cd]  Current Pad 1
Info     : [cd]  Current Pad 1
Info     : [cd]  Current Pad 2
Info     : [PidYieldPresenter.rcp] Central Bin : 0
Info     : [PidYieldPresenter.rcp] Periferal Bin : 6
Info     : [PidYieldPresenter.rcp] Scale Central Bin : 18.305
Info     : [PidYieldPresenter.rcp] Scale Periferal Bin : 787.9
Info     : [newPage]  New Page ( 1, 2, 0.01, 0.01 ) 
Info     : [cd]  Current Pad 1
Info     : [cd]  Current Pad 1
Info     : [cd]  Current Pad 2
Info     : [PidYieldPresenter.rcp] Central Bin : 0
Info     : [PidYieldPresenter.rcp] Periferal Bin : 6
Info     : [PidYieldPresenter.rcp] Scale Central Bin : 18.305
Info     : [PidYieldPresenter.rcp] Scale Periferal Bin : 787.9
Info     : [newPage]  New Page ( 1, 2, 0.01, 0.01 ) 
Info     : [cd]  Current Pad 1
Info     : [cd]  Current Pad 1
Info     : [cd]  Current Pad 2
Info     : [PidYieldPresenter.rcp] Central Bin : 0
Info     : [PidYieldPresenter.rcp] Periferal Bin : 6
Info     : [PidYieldPresenter.rcp] Scale Central Bin : 18.305
Info     : [PidYieldPresenter.rcp] Scale Periferal Bin : 787.9
Info     : [newPage]  New Page ( 1, 2, 0.01, 0.01 ) 
Info     : [cd]  Current Pad 1
Info     : [cd]  Current Pad 1
Info     : [cd]  Current Pad 2
Info     : [PidYieldPresenter.rcp] Central Bin : 0
Info     : [PidYieldPresenter.rcp] Periferal Bin : 6
Info     : [PidYieldPresenter.rcp] Scale Central Bin : 18.305
Info     : [PidYieldPresenter.rcp] Scale Periferal Bin : 787.9
Info     : [newPage]  New Page ( 1, 2, 0.01, 0.01 ) 
Info     : [cd]  Current Pad 1
Info     : [cd]  Current Pad 1
Info     : [cd]  Current Pad 2
Info     : [PidYieldPresenter.rcp] Central Bin : 0
Info     : [PidYieldPresenter.rcp] Periferal Bin : 6
Info     : [PidYieldPresenter.rcp] Scale Central Bin : 18.305
Info     : [PidYieldPresenter.rcp] Scale Periferal Bin : 787.9
Info     : [newPage]  New Page ( 1, 2, 0.01, 0.01 ) 
Info     : [cd]  Current Pad 1
Info     : [cd]  Current Pad 1
Info     : [cd]  Current Pad 2
Info     : [PidYieldPresenter.rcp] Central Bin : 6
Info     : [PidYieldPresenter.rcp] Periferal Bin : 6
Info     : [PidYieldPresenter.rcp] Scale Central Bin : 18.305
Info     : [PidYieldPresenter.rcp] Scale Periferal Bin : 18.305
Info     : [newPage]  New Page ( 1, 2, 0.01, 0.01 ) 
Info     : [cd]  Current Pad 1
Info     : [cd]  Current Pad 1
Info     : [cd]  Current Pad 2
Info     : [PidYieldPresenter.rcp] Central Bin : 6
Info     : [PidYieldPresenter.rcp] Periferal Bin : 6
Info     : [PidYieldPresenter.rcp] Scale Central Bin : 18.305
Info     : [PidYieldPresenter.rcp] Scale Periferal Bin : 18.305
Info     : [newPage]  New Page ( 1, 2, 0.01, 0.01 ) 
Info     : [cd]  Current Pad 1
Info     : [cd]  Current Pad 1
Info     : [cd]  Current Pad 2
Info     : [PidYieldPresenter.rcp] Central Bin : 6
Info     : [PidYieldPresenter.rcp] Periferal Bin : 6
Info     : [PidYieldPresenter.rcp] Scale Central Bin : 18.305
Info     : [PidYieldPresenter.rcp] Scale Periferal Bin : 18.305
Info     : [newPage]  New Page ( 1, 2, 0.01, 0.01 ) 
Info     : [cd]  Current Pad 1
Info     : [cd]  Current Pad 1
Info     : [cd]  Current Pad 2
Info     : [PidYieldPresenter.rcp] Central Bin : 6
Info     : [PidYieldPresenter.rcp] Periferal Bin : 6
Info     : [PidYieldPresenter.rcp] Scale Central Bin : 18.305
Info     : [PidYieldPresenter.rcp] Scale Periferal Bin : 18.305
Info     : [newPage]  New Page ( 1, 2, 0.01, 0.01 ) 
Info     : [cd]  Current Pad 1
Info     : [cd]  Current Pad 1
Info     : [cd]  Current Pad 2
Info     : [PidYieldPresenter.rcp] Central Bin : 6
Info     : [PidYieldPresenter.rcp] Periferal Bin : 6
Info     : [PidYieldPresenter.rcp] Scale Central Bin : 18.305
Info     : [PidYieldPresenter.rcp] Scale Periferal Bin : 18.305
Info     : [newPage]  New Page ( 1, 2, 0.01, 0.01 ) 
Info     : [cd]  Current Pad 1
Info     : [cd]  Current Pad 1
Info     : [cd]  Current Pad 2
Info     : [PidYieldPresenter.rcp] Central Bin : 6
Info     : [PidYieldPresenter.rcp] Periferal Bin : 6
Info     : [PidYieldPresenter.rcp] Scale Central Bin : 18.305
Info     : [PidYieldPresenter.rcp] Scale Periferal Bin : 18.305
Info     : [newPage]  New Page ( 1, 2, 0.01, 0.01 ) 
Info     : [cd]  Current Pad 1
Info     : [cd]  Current Pad 1
Info     : [cd]  Current Pad 2
Info     : [newPage]  New Page ( 3, 2, 0.01, 0.01 ) 
Info     : [cd]  Current Pad 1
Info     : [saveImage]  Saving Image to ../products/15/presentation/export_rcp_Pi_n_0_Over_6.pdf
Info     : [next]  Pushing to next pad 
Info     : [cd]  Current Pad 2
Info     : [saveImage]  Saving Image to ../products/15/presentation/export_rcp_K_n_0_Over_6.pdf
Info     : [next]  Pushing to next pad 
Info     : [cd]  Current Pad 3
Info     : [saveImage]  Saving Image to ../products/15/presentation/export_rcp_P_n_0_Over_6.pdf
Info     : [next]  Pushing to next pad 
Info     : [cd]  Current Pad 4
Info     : [saveImage]  Saving Image to ../products/15/presentation/export_rcp_Pi_p_0_Over_6.pdf
Info     : [next]  Pushing to next pad 
Info     : [cd]  Current Pad 5
Info     : [saveImage]  Saving Image to ../products/15/presentation/export_rcp_K_p_0_Over_6.pdf
Info     : [next]  Pushing to next pad 
Info     : [cd]  Current Pad 6
Info     : [saveImage]  Saving Image to ../products/15/presentation/export_rcp_P_p_0_Over_6.pdf
Info     : [next]  Pushing to next pad 
Info     : [savePage]  Saving Page to ../products/presentation/15GeV/present.pdf
Info     : [newPage]  New Page ( 3, 2, 0.01, 0.01 ) 
Info     : [cd]  Current Pad 1
Info     : [newPage]  New Page ( 3, 2, 0.01, 0.01 ) 
Info     : [cd]  Current Pad 1
[1;33mWarning[0;m : [HistoBook.get] rcp/rcp_Pi_n_1_Over_6 Does Not Exist 
[1;33mWarning[0;m : [HistoBook.set] Histogram rcp_Pi_n_1_Over_6 is no good. 
[1;33mWarning[0;m : [HistoBook.get] rcp/rcp_Pi_n_1_Over_6 Does Not Exist 
[1;33mWarning[0;m : [HistoBook.set] Histogram rcp_Pi_n_1_Over_6 is no good. 
[1;33mWarning[0;m : [HistoBook.get] rcp/rcp_Pi_n_1_Over_6 Does Not Exist 
[1;33mWarning[0;m : [HistoBook.set] Histogram rcp_Pi_n_1_Over_6 is no good. 
[1;33mWarning[0;m : [HistoBook.get] rcp/rcp_Pi_n_1_Over_6 Does Not Exist 
[1;33mWarning[0;m : [HistoBook.set] Histogram rcp_Pi_n_1_Over_6 is no good. 
[1;33mWarning[0;m : [HistoBook.get] rcp/rcp_Pi_n_1_Over_6 Does Not Exist 
[1;33mWarning[0;m : [HistoBook.set] Histogram rcp_Pi_n_1_Over_6 is no good. 
[1;33mWarning[0;m : [HistoBook.get] rcp/rcp_Pi_n_1_Over_6 Does Not Exist 
[1;33mWarning[0;m : [HistoBook.set] Histogram rcp_Pi_n_1_Over_6 is no good. 
[1;33mWarning[0;m : [HistoBook.get] rcp/rcp_Pi_n_1_Over_6 Does Not Exist 
[1;33mWarning[0;m : [HistoBook.draw] rcp_Pi_n_1_Over_6 does not exist 
Info     : [saveImage]  Saving Image to ../products/15/presentation/export_rcp_Pi_n_1_Over_6.pdf
Info     : [next]  Pushing to next pad 
Info     : [cd]  Current Pad 2
[1;33mWarning[0;m : [HistoBook.get] rcp/rcp_K_n_1_Over_6 Does Not Exist 
[1;33mWarning[0;m : [HistoBook.set] Histogram rcp_K_n_1_Over_6 is no good. 
[1;33mWarning[0;m : [HistoBook.get] rcp/rcp_K_n_1_Over_6 Does Not Exist 
[1;33mWarning[0;m : [HistoBook.set] Histogram rcp_K_n_1_Over_6 is no good. 
[1;33mWarning[0;m : [HistoBook.get] rcp/rcp_K_n_1_Over_6 Does Not Exist 
[1;33mWarning[0;m : [HistoBook.set] Histogram rcp_K_n_1_Over_6 is no good. 
[1;33mWarning[0;m : [HistoBook.get] rcp/rcp_K_n_1_Over_6 Does Not Exist 
[1;33mWarning[0;m : [HistoBook.set] Histogram rcp_K_n_1_Over_6 is no good. 
[1;33mWarning[0;m : [HistoBook.get] rcp/rcp_K_n_1_Over_6 Does Not Exist 
[1;33mWarning[0;m : [HistoBook.set] Histogram rcp_K_n_1_Over_6 is no good. 
[1;33mWarning[0;m : [HistoBook.get] rcp/rcp_K_n_1_Over_6 Does Not Exist 
[1;33mWarning[0;m : [HistoBook.set] Histogram rcp_K_n_1_Over_6 is no good. 
[1;33mWarning[0;m : [HistoBook.get] rcp/rcp_K_n_1_Over_6 Does Not Exist 
[1;33mWarning[0;m : [HistoBook.draw] rcp_K_n_1_Over_6 does not exist 
Info     : [saveImage]  Saving Image to ../products/15/presentation/export_rcp_K_n_1_Over_6.pdf
Info     : [next]  Pushing to next pad 
Info     : [cd]  Current Pad 3
[1;33mWarning[0;m : [HistoBook.get] rcp/rcp_P_n_1_Over_6 Does Not Exist 
[1;33mWarning[0;m : [HistoBook.set] Histogram rcp_P_n_1_Over_6 is no good. 
[1;33mWarning[0;m : [HistoBook.get] rcp/rcp_P_n_1_Over_6 Does Not Exist 
[1;33mWarning[0;m : [HistoBook.set] Histogram rcp_P_n_1_Over_6 is no good. 
[1;33mWarning[0;m : [HistoBook.get] rcp/rcp_P_n_1_Over_6 Does Not Exist 
[1;33mWarning[0;m : [HistoBook.set] Histogram rcp_P_n_1_Over_6 is no good. 
[1;33mWarning[0;m : [HistoBook.get] rcp/rcp_P_n_1_Over_6 Does Not Exist 
[1;33mWarning[0;m : [HistoBook.set] Histogram rcp_P_n_1_Over_6 is no good. 
[1;33mWarning[0;m : [HistoBook.get] rcp/rcp_P_n_1_Over_6 Does Not Exist 
[1;33mWarning[0;m : [HistoBook.set] Histogram rcp_P_n_1_Over_6 is no good. 
[1;33mWarning[0;m : [HistoBook.get] rcp/rcp_P_n_1_Over_6 Does Not Exist 
[1;33mWarning[0;m : [HistoBook.set] Histogram rcp_P_n_1_Over_6 is no good. 
[1;33mWarning[0;m : [HistoBook.get] rcp/rcp_P_n_1_Over_6 Does Not Exist 
[1;33mWarning[0;m : [HistoBook.draw] rcp_P_n_1_Over_6 does not exist 
Info     : [saveImage]  Saving Image to ../products/15/presentation/export_rcp_P_n_1_Over_6.pdf
Info     : [next]  Pushing to next pad 
Info     : [cd]  Current Pad 4
[1;33mWarning[0;m : [HistoBook.get] rcp/rcp_Pi_p_1_Over_6 Does Not Exist 
[1;33mWarning[0;m : [HistoBook.set] Histogram rcp_Pi_p_1_Over_6 is no good. 
[1;33mWarning[0;m : [HistoBook.get] rcp/rcp_Pi_p_1_Over_6 Does Not Exist 
[1;33mWarning[0;m : [HistoBook.set] Histogram rcp_Pi_p_1_Over_6 is no good. 
[1;33mWarning[0;m : [HistoBook.get] rcp/rcp_Pi_p_1_Over_6 Does Not Exist 
[1;33mWarning[0;m : [HistoBook.set] Histogram rcp_Pi_p_1_Over_6 is no good. 
[1;33mWarning[0;m : [HistoBook.get] rcp/rcp_Pi_p_1_Over_6 Does Not Exist 
[1;33mWarning[0;m : [HistoBook.set] Histogram rcp_Pi_p_1_Over_6 is no good. 
[1;33mWarning[0;m : [HistoBook.get] rcp/rcp_Pi_p_1_Over_6 Does Not Exist 
[1;33mWarning[0;m : [HistoBook.set] Histogram rcp_Pi_p_1_Over_6 is no good. 
[1;33mWarning[0;m : [HistoBook.get] rcp/rcp_Pi_p_1_Over_6 Does Not Exist 
[1;33mWarning[0;m : [HistoBook.set] Histogram rcp_Pi_p_1_Over_6 is no good. 
[1;33mWarning[0;m : [HistoBook.get] rcp/rcp_Pi_p_1_Over_6 Does Not Exist 
[1;33mWarning[0;m : [HistoBook.draw] rcp_Pi_p_1_Over_6 does not exist 
Info     : [saveImage]  Saving Image to ../products/15/presentation/export_rcp_Pi_p_1_Over_6.pdf
Info     : [next]  Pushing to next pad 
Info     : [cd]  Current Pad 5
[1;33mWarning[0;m : [HistoBook.get] rcp/rcp_K_p_1_Over_6 Does Not Exist 
[1;33mWarning[0;m : [HistoBook.set] Histogram rcp_K_p_1_Over_6 is no good. 
[1;33mWarning[0;m : [HistoBook.get] rcp/rcp_K_p_1_Over_6 Does Not Exist 
[1;33mWarning[0;m : [HistoBook.set] Histogram rcp_K_p_1_Over_6 is no good. 
[1;33mWarning[0;m : [HistoBook.get] rcp/rcp_K_p_1_Over_6 Does Not Exist 
[1;33mWarning[0;m : [HistoBook.set] Histogram rcp_K_p_1_Over_6 is no good. 
[1;33mWarning[0;m : [HistoBook.get] rcp/rcp_K_p_1_Over_6 Does Not Exist 
[1;33mWarning[0;m : [HistoBook.set] Histogram rcp_K_p_1_Over_6 is no good. 
[1;33mWarning[0;m : [HistoBook.get] rcp/rcp_K_p_1_Over_6 Does Not Exist 
[1;33mWarning[0;m : [HistoBook.set] Histogram rcp_K_p_1_Over_6 is no good. 
[1;33mWarning[0;m : [HistoBook.get] rcp/rcp_K_p_1_Over_6 Does Not Exist 
[1;33mWarning[0;m : [HistoBook.set] Histogram rcp_K_p_1_Over_6 is no good. 
[1;33mWarning[0;m : [HistoBook.get] rcp/rcp_K_p_1_Over_6 Does Not Exist 
[1;33mWarning[0;m : [HistoBook.draw] rcp_K_p_1_Over_6 does not exist 
Info     : [saveImage]  Saving Image to ../products/15/presentation/export_rcp_K_p_1_Over_6.pdf
Info     : [next]  Pushing to next pad 
Info     : [cd]  Current Pad 6
[1;33mWarning[0;m : [HistoBook.get] rcp/rcp_P_p_1_Over_6 Does Not Exist 
[1;33mWarning[0;m : [HistoBook.set] Histogram rcp_P_p_1_Over_6 is no good. 
[1;33mWarning[0;m : [HistoBook.get] rcp/rcp_P_p_1_Over_6 Does Not Exist 
[1;33mWarning[0;m : [HistoBook.set] Histogram rcp_P_p_1_Over_6 is no good. 
[1;33mWarning[0;m : [HistoBook.get] rcp/rcp_P_p_1_Over_6 Does Not Exist 
[1;33mWarning[0;m : [HistoBook.set] Histogram rcp_P_p_1_Over_6 is no good. 
[1;33mWarning[0;m : [HistoBook.get] rcp/rcp_P_p_1_Over_6 Does Not Exist 
[1;33mWarning[0;m : [HistoBook.set] Histogram rcp_P_p_1_Over_6 is no good. 
[1;33mWarning[0;m : [HistoBook.get] rcp/rcp_P_p_1_Over_6 Does Not Exist 
[1;33mWarning[0;m : [HistoBook.set] Histogram rcp_P_p_1_Over_6 is no good. 
[1;33mWarning[0;m : [HistoBook.get] rcp/rcp_P_p_1_Over_6 Does Not Exist 
[1;33mWarning[0;m : [HistoBook.set] Histogram rcp_P_p_1_Over_6 is no good. 
[1;33mWarning[0;m : [HistoBook.get] rcp/rcp_P_p_1_Over_6 Does Not Exist 
[1;33mWarning[0;m : [HistoBook.draw] rcp_P_p_1_Over_6 does not exist 
Info     : [saveImage]  Saving Image to ../products/15/presentation/export_rcp_P_p_1_Over_6.pdf
Info     : [next]  Pushing to next pad 
Info     : [savePage]  Saving Page to ../products/presentation/15GeV/present.pdf
Info     : [newPage]  New Page ( 3, 2, 0.01, 0.01 ) 
Info     : [cd]  Current Pad 1
Info     : [newPage]  New Page ( 3, 2, 0.01, 0.01 ) 
Info     : [cd]  Current Pad 1
[1;33mWarning[0;m : [HistoBook.get] rcp/rcp_Pi_n_2_Over_6 Does Not Exist 
[1;33mWarning[0;m : [HistoBook.set] Histogram rcp_Pi_n_2_Over_6 is no good. 
[1;33mWarning[0;m : [HistoBook.get] rcp/rcp_Pi_n_2_Over_6 Does Not Exist 
[1;33mWarning[0;m : [HistoBook.set] Histogram rcp_Pi_n_2_Over_6 is no good. 
[1;33mWarning[0;m : [HistoBook.get] rcp/rcp_Pi_n_2_Over_6 Does Not Exist 
[1;33mWarning[0;m : [HistoBook.set] Histogram rcp_Pi_n_2_Over_6 is no good. 
[1;33mWarning[0;m : [HistoBook.get] rcp/rcp_Pi_n_2_Over_6 Does Not Exist 
[1;33mWarning[0;m : [HistoBook.set] Histogram rcp_Pi_n_2_Over_6 is no good. 
[1;33mWarning[0;m : [HistoBook.get] rcp/rcp_Pi_n_2_Over_6 Does Not Exist 
[1;33mWarning[0;m : [HistoBook.set] Histogram rcp_Pi_n_2_Over_6 is no good. 
[1;33mWarning[0;m : [HistoBook.get] rcp/rcp_Pi_n_2_Over_6 Does Not Exist 
[1;33mWarning[0;m : [HistoBook.set] Histogram rcp_Pi_n_2_Over_6 is no good. 
[1;33mWarning[0;m : [HistoBook.get] rcp/rcp_Pi_n_2_Over_6 Does Not Exist 
[1;33mWarning[0;m : [HistoBook.draw] rcp_Pi_n_2_Over_6 does not exist 
Info     : [saveImage]  Saving Image to ../products/15/presentation/export_rcp_Pi_n_2_Over_6.pdf
Info     : [next]  Pushing to next pad 
Info     : [cd]  Current Pad 2
[1;33mWarning[0;m : [HistoBook.get] rcp/rcp_K_n_2_Over_6 Does Not Exist 
[1;33mWarning[0;m : [HistoBook.set] Histogram rcp_K_n_2_Over_6 is no good. 
[1;33mWarning[0;m : [HistoBook.get] rcp/rcp_K_n_2_Over_6 Does Not Exist 
[1;33mWarning[0;m : [HistoBook.set] Histogram rcp_K_n_2_Over_6 is no good. 
[1;33mWarning[0;m : [HistoBook.get] rcp/rcp_K_n_2_Over_6 Does Not Exist 
[1;33mWarning[0;m : [HistoBook.set] Histogram rcp_K_n_2_Over_6 is no good. 
[1;33mWarning[0;m : [HistoBook.get] rcp/rcp_K_n_2_Over_6 Does Not Exist 
[1;33mWarning[0;m : [HistoBook.set] Histogram rcp_K_n_2_Over_6 is no good. 
[1;33mWarning[0;m : [HistoBook.get] rcp/rcp_K_n_2_Over_6 Does Not Exist 
[1;33mWarning[0;m : [HistoBook.set] Histogram rcp_K_n_2_Over_6 is no good. 
[1;33mWarning[0;m : [HistoBook.get] rcp/rcp_K_n_2_Over_6 Does Not Exist 
[1;33mWarning[0;m : [HistoBook.set] Histogram rcp_K_n_2_Over_6 is no good. 
[1;33mWarning[0;m : [HistoBook.get] rcp/rcp_K_n_2_Over_6 Does Not Exist 
[1;33mWarning[0;m : [HistoBook.draw] rcp_K_n_2_Over_6 does not exist 
Info     : [saveImage]  Saving Image to ../products/15/presentation/export_rcp_K_n_2_Over_6.pdf
Info     : [next]  Pushing to next pad 
Info     : [cd]  Current Pad 3
[1;33mWarning[0;m : [HistoBook.get] rcp/rcp_P_n_2_Over_6 Does Not Exist 
[1;33mWarning[0;m : [HistoBook.set] Histogram rcp_P_n_2_Over_6 is no good. 
[1;33mWarning[0;m : [HistoBook.get] rcp/rcp_P_n_2_Over_6 Does Not Exist 
[1;33mWarning[0;m : [HistoBook.set] Histogram rcp_P_n_2_Over_6 is no good. 
[1;33mWarning[0;m : [HistoBook.get] rcp/rcp_P_n_2_Over_6 Does Not Exist 
[1;33mWarning[0;m : [HistoBook.set] Histogram rcp_P_n_2_Over_6 is no good. 
[1;33mWarning[0;m : [HistoBook.get] rcp/rcp_P_n_2_Over_6 Does Not Exist 
[1;33mWarning[0;m : [HistoBook.set] Histogram rcp_P_n_2_Over_6 is no good. 
[1;33mWarning[0;m : [HistoBook.get] rcp/rcp_P_n_2_Over_6 Does Not Exist 
[1;33mWarning[0;m : [HistoBook.set] Histogram rcp_P_n_2_Over_6 is no good. 
[1;33mWarning[0;m : [HistoBook.get] rcp/rcp_P_n_2_Over_6 Does Not Exist 
[1;33mWarning[0;m : [HistoBook.set] Histogram rcp_P_n_2_Over_6 is no good. 
[1;33mWarning[0;m : [HistoBook.get] rcp/rcp_P_n_2_Over_6 Does Not Exist 
[1;33mWarning[0;m : [HistoBook.draw] rcp_P_n_2_Over_6 does not exist 
Info     : [saveImage]  Saving Image to ../products/15/presentation/export_rcp_P_n_2_Over_6.pdf
Info     : [next]  Pushing to next pad 
Info     : [cd]  Current Pad 4
[1;33mWarning[0;m : [HistoBook.get] rcp/rcp_Pi_p_2_Over_6 Does Not Exist 
[1;33mWarning[0;m : [HistoBook.set] Histogram rcp_Pi_p_2_Over_6 is no good. 
[1;33mWarning[0;m : [HistoBook.get] rcp/rcp_Pi_p_2_Over_6 Does Not Exist 
[1;33mWarning[0;m : [HistoBook.set] Histogram rcp_Pi_p_2_Over_6 is no good. 
[1;33mWarning[0;m : [HistoBook.get] rcp/rcp_Pi_p_2_Over_6 Does Not Exist 
[1;33mWarning[0;m : [HistoBook.set] Histogram rcp_Pi_p_2_Over_6 is no good. 
[1;33mWarning[0;m : [HistoBook.get] rcp/rcp_Pi_p_2_Over_6 Does Not Exist 
[1;33mWarning[0;m : [HistoBook.set] Histogram rcp_Pi_p_2_Over_6 is no good. 
[1;33mWarning[0;m : [HistoBook.get] rcp/rcp_Pi_p_2_Over_6 Does Not Exist 
[1;33mWarning[0;m : [HistoBook.set] Histogram rcp_Pi_p_2_Over_6 is no good. 
[1;33mWarning[0;m : [HistoBook.get] rcp/rcp_Pi_p_2_Over_6 Does Not Exist 
[1;33mWarning[0;m : [HistoBook.set] Histogram rcp_Pi_p_2_Over_6 is no good. 
[1;33mWarning[0;m : [HistoBook.get] rcp/rcp_Pi_p_2_Over_6 Does Not Exist 
[1;33mWarning[0;m : [HistoBook.draw] rcp_Pi_p_2_Over_6 does not exist 
Info     : [saveImage]  Saving Image to ../products/15/presentation/export_rcp_Pi_p_2_Over_6.pdf
Info     : [next]  Pushing to next pad 
Info     : [cd]  Current Pad 5
[1;33mWarning[0;m : [HistoBook.get] rcp/rcp_K_p_2_Over_6 Does Not Exist 
[1;33mWarning[0;m : [HistoBook.set] Histogram rcp_K_p_2_Over_6 is no good. 
[1;33mWarning[0;m : [HistoBook.get] rcp/rcp_K_p_2_Over_6 Does Not Exist 
[1;33mWarning[0;m : [HistoBook.set] Histogram rcp_K_p_2_Over_6 is no good. 
[1;33mWarning[0;m : [HistoBook.get] rcp/rcp_K_p_2_Over_6 Does Not Exist 
[1;33mWarning[0;m : [HistoBook.set] Histogram rcp_K_p_2_Over_6 is no good. 
[1;33mWarning[0;m : [HistoBook.get] rcp/rcp_K_p_2_Over_6 Does Not Exist 
[1;33mWarning[0;m : [HistoBook.set] Histogram rcp_K_p_2_Over_6 is no good. 
[1;33mWarning[0;m : [HistoBook.get] rcp/rcp_K_p_2_Over_6 Does Not Exist 
[1;33mWarning[0;m : [HistoBook.set] Histogram rcp_K_p_2_Over_6 is no good. 
[1;33mWarning[0;m : [HistoBook.get] rcp/rcp_K_p_2_Over_6 Does Not Exist 
[1;33mWarning[0;m : [HistoBook.set] Histogram rcp_K_p_2_Over_6 is no good. 
[1;33mWarning[0;m : [HistoBook.get] rcp/rcp_K_p_2_Over_6 Does Not Exist 
[1;33mWarning[0;m : [HistoBook.draw] rcp_K_p_2_Over_6 does not exist 
Info     : [saveImage]  Saving Image to ../products/15/presentation/export_rcp_K_p_2_Over_6.pdf
Info     : [next]  Pushing to next pad 
Info     : [cd]  Current Pad 6
[1;33mWarning[0;m : [HistoBook.get] rcp/rcp_P_p_2_Over_6 Does Not Exist 
[1;33mWarning[0;m : [HistoBook.set] Histogram rcp_P_p_2_Over_6 is no good. 
[1;33mWarning[0;m : [HistoBook.get] rcp/rcp_P_p_2_Over_6 Does Not Exist 
[1;33mWarning[0;m : [HistoBook.set] Histogram rcp_P_p_2_Over_6 is no good. 
[1;33mWarning[0;m : [HistoBook.get] rcp/rcp_P_p_2_Over_6 Does Not Exist 
[1;33mWarning[0;m : [HistoBook.set] Histogram rcp_P_p_2_Over_6 is no good. 
[1;33mWarning[0;m : [HistoBook.get] rcp/rcp_P_p_2_Over_6 Does Not Exist 
[1;33mWarning[0;m : [HistoBook.set] Histogram rcp_P_p_2_Over_6 is no good. 
[1;33mWarning[0;m : [HistoBook.get] rcp/rcp_P_p_2_Over_6 Does Not Exist 
[1;33mWarning[0;m : [HistoBook.set] Histogram rcp_P_p_2_Over_6 is no good. 
[1;33mWarning[0;m : [HistoBook.get] rcp/rcp_P_p_2_Over_6 Does Not Exist 
[1;33mWarning[0;m : [HistoBook.set] Histogram rcp_P_p_2_Over_6 is no good. 
[1;33mWarning[0;m : [HistoBook.get] rcp/rcp_P_p_2_Over_6 Does Not Exist 
[1;33mWarning[0;m : [HistoBook.draw] rcp_P_p_2_Over_6 does not exist 
Info     : [saveImage]  Saving Image to ../products/15/presentation/export_rcp_P_p_2_Over_6.pdf
Info     : [next]  Pushing to next pad 
Info     : [savePage]  Saving Page to ../products/presentation/15GeV/present.pdf
Info     : [newPage]  New Page ( 3, 2, 0.01, 0.01 ) 
Info     : [cd]  Current Pad 1
Info     : [newPage]  New Page ( 3, 2, 0.01, 0.01 ) 
Info     : [cd]  Current Pad 1
[1;33mWarning[0;m : [HistoBook.get] rcp/rcp_Pi_n_3_Over_6 Does Not Exist 
[1;33mWarning[0;m : [HistoBook.set] Histogram rcp_Pi_n_3_Over_6 is no good. 
[1;33mWarning[0;m : [HistoBook.get] rcp/rcp_Pi_n_3_Over_6 Does Not Exist 
[1;33mWarning[0;m : [HistoBook.set] Histogram rcp_Pi_n_3_Over_6 is no good. 
[1;33mWarning[0;m : [HistoBook.get] rcp/rcp_Pi_n_3_Over_6 Does Not Exist 
[1;33mWarning[0;m : [HistoBook.set] Histogram rcp_Pi_n_3_Over_6 is no good. 
[1;33mWarning[0;m : [HistoBook.get] rcp/rcp_Pi_n_3_Over_6 Does Not Exist 
[1;33mWarning[0;m : [HistoBook.set] Histogram rcp_Pi_n_3_Over_6 is no good. 
[1;33mWarning[0;m : [HistoBook.get] rcp/rcp_Pi_n_3_Over_6 Does Not Exist 
[1;33mWarning[0;m : [HistoBook.set] Histogram rcp_Pi_n_3_Over_6 is no good. 
[1;33mWarning[0;m : [HistoBook.get] rcp/rcp_Pi_n_3_Over_6 Does Not Exist 
[1;33mWarning[0;m : [HistoBook.set] Histogram rcp_Pi_n_3_Over_6 is no good. 
[1;33mWarning[0;m : [HistoBook.get] rcp/rcp_Pi_n_3_Over_6 Does Not Exist 
[1;33mWarning[0;m : [HistoBook.draw] rcp_Pi_n_3_Over_6 does not exist 
Info     : [saveImage]  Saving Image to ../products/15/presentation/export_rcp_Pi_n_3_Over_6.pdf
Info     : [next]  Pushing to next pad 
Info     : [cd]  Current Pad 2
[1;33mWarning[0;m : [HistoBook.get] rcp/rcp_K_n_3_Over_6 Does Not Exist 
[1;33mWarning[0;m : [HistoBook.set] Histogram rcp_K_n_3_Over_6 is no good. 
[1;33mWarning[0;m : [HistoBook.get] rcp/rcp_K_n_3_Over_6 Does Not Exist 
[1;33mWarning[0;m : [HistoBook.set] Histogram rcp_K_n_3_Over_6 is no good. 
[1;33mWarning[0;m : [HistoBook.get] rcp/rcp_K_n_3_Over_6 Does Not Exist 
[1;33mWarning[0;m : [HistoBook.set] Histogram rcp_K_n_3_Over_6 is no good. 
[1;33mWarning[0;m : [HistoBook.get] rcp/rcp_K_n_3_Over_6 Does Not Exist 
[1;33mWarning[0;m : [HistoBook.set] Histogram rcp_K_n_3_Over_6 is no good. 
[1;33mWarning[0;m : [HistoBook.get] rcp/rcp_K_n_3_Over_6 Does Not Exist 
[1;33mWarning[0;m : [HistoBook.set] Histogram rcp_K_n_3_Over_6 is no good. 
[1;33mWarning[0;m : [HistoBook.get] rcp/rcp_K_n_3_Over_6 Does Not Exist 
[1;33mWarning[0;m : [HistoBook.set] Histogram rcp_K_n_3_Over_6 is no good. 
[1;33mWarning[0;m : [HistoBook.get] rcp/rcp_K_n_3_Over_6 Does Not Exist 
[1;33mWarning[0;m : [HistoBook.draw] rcp_K_n_3_Over_6 does not exist 
Info     : [saveImage]  Saving Image to ../products/15/presentation/export_rcp_K_n_3_Over_6.pdf
Info     : [next]  Pushing to next pad 
Info     : [cd]  Current Pad 3
[1;33mWarning[0;m : [HistoBook.get] rcp/rcp_P_n_3_Over_6 Does Not Exist 
[1;33mWarning[0;m : [HistoBook.set] Histogram rcp_P_n_3_Over_6 is no good. 
[1;33mWarning[0;m : [HistoBook.get] rcp/rcp_P_n_3_Over_6 Does Not Exist 
[1;33mWarning[0;m : [HistoBook.set] Histogram rcp_P_n_3_Over_6 is no good. 
[1;33mWarning[0;m : [HistoBook.get] rcp/rcp_P_n_3_Over_6 Does Not Exist 
[1;33mWarning[0;m : [HistoBook.set] Histogram rcp_P_n_3_Over_6 is no good. 
[1;33mWarning[0;m : [HistoBook.get] rcp/rcp_P_n_3_Over_6 Does Not Exist 
[1;33mWarning[0;m : [HistoBook.set] Histogram rcp_P_n_3_Over_6 is no good. 
[1;33mWarning[0;m : [HistoBook.get] rcp/rcp_P_n_3_Over_6 Does Not Exist 
[1;33mWarning[0;m : [HistoBook.set] Histogram rcp_P_n_3_Over_6 is no good. 
[1;33mWarning[0;m : [HistoBook.get] rcp/rcp_P_n_3_Over_6 Does Not Exist 
[1;33mWarning[0;m : [HistoBook.set] Histogram rcp_P_n_3_Over_6 is no good. 
[1;33mWarning[0;m : [HistoBook.get] rcp/rcp_P_n_3_Over_6 Does Not Exist 
[1;33mWarning[0;m : [HistoBook.draw] rcp_P_n_3_Over_6 does not exist 
Info     : [saveImage]  Saving Image to ../products/15/presentation/export_rcp_P_n_3_Over_6.pdf
Info     : [next]  Pushing to next pad 
Info     : [cd]  Current Pad 4
[1;33mWarning[0;m : [HistoBook.get] rcp/rcp_Pi_p_3_Over_6 Does Not Exist 
[1;33mWarning[0;m : [HistoBook.set] Histogram rcp_Pi_p_3_Over_6 is no good. 
[1;33mWarning[0;m : [HistoBook.get] rcp/rcp_Pi_p_3_Over_6 Does Not Exist 
[1;33mWarning[0;m : [HistoBook.set] Histogram rcp_Pi_p_3_Over_6 is no good. 
[1;33mWarning[0;m : [HistoBook.get] rcp/rcp_Pi_p_3_Over_6 Does Not Exist 
[1;33mWarning[0;m : [HistoBook.set] Histogram rcp_Pi_p_3_Over_6 is no good. 
[1;33mWarning[0;m : [HistoBook.get] rcp/rcp_Pi_p_3_Over_6 Does Not Exist 
[1;33mWarning[0;m : [HistoBook.set] Histogram rcp_Pi_p_3_Over_6 is no good. 
[1;33mWarning[0;m : [HistoBook.get] rcp/rcp_Pi_p_3_Over_6 Does Not Exist 
[1;33mWarning[0;m : [HistoBook.set] Histogram rcp_Pi_p_3_Over_6 is no good. 
[1;33mWarning[0;m : [HistoBook.get] rcp/rcp_Pi_p_3_Over_6 Does Not Exist 
[1;33mWarning[0;m : [HistoBook.set] Histogram rcp_Pi_p_3_Over_6 is no good. 
[1;33mWarning[0;m : [HistoBook.get] rcp/rcp_Pi_p_3_Over_6 Does Not Exist 
[1;33mWarning[0;m : [HistoBook.draw] rcp_Pi_p_3_Over_6 does not exist 
Info     : [saveImage]  Saving Image to ../products/15/presentation/export_rcp_Pi_p_3_Over_6.pdf
Info     : [next]  Pushing to next pad 
Info     : [cd]  Current Pad 5
[1;33mWarning[0;m : [HistoBook.get] rcp/rcp_K_p_3_Over_6 Does Not Exist 
[1;33mWarning[0;m : [HistoBook.set] Histogram rcp_K_p_3_Over_6 is no good. 
[1;33mWarning[0;m : [HistoBook.get] rcp/rcp_K_p_3_Over_6 Does Not Exist 
[1;33mWarning[0;m : [HistoBook.set] Histogram rcp_K_p_3_Over_6 is no good. 
[1;33mWarning[0;m : [HistoBook.get] rcp/rcp_K_p_3_Over_6 Does Not Exist 
[1;33mWarning[0;m : [HistoBook.set] Histogram rcp_K_p_3_Over_6 is no good. 
[1;33mWarning[0;m : [HistoBook.get] rcp/rcp_K_p_3_Over_6 Does Not Exist 
[1;33mWarning[0;m : [HistoBook.set] Histogram rcp_K_p_3_Over_6 is no good. 
[1;33mWarning[0;m : [HistoBook.get] rcp/rcp_K_p_3_Over_6 Does Not Exist 
[1;33mWarning[0;m : [HistoBook.set] Histogram rcp_K_p_3_Over_6 is no good. 
[1;33mWarning[0;m : [HistoBook.get] rcp/rcp_K_p_3_Over_6 Does Not Exist 
[1;33mWarning[0;m : [HistoBook.set] Histogram rcp_K_p_3_Over_6 is no good. 
[1;33mWarning[0;m : [HistoBook.get] rcp/rcp_K_p_3_Over_6 Does Not Exist 
[1;33mWarning[0;m : [HistoBook.draw] rcp_K_p_3_Over_6 does not exist 
Info     : [saveImage]  Saving Image to ../products/15/presentation/export_rcp_K_p_3_Over_6.pdf
Info     : [next]  Pushing to next pad 
Info     : [cd]  Current Pad 6
[1;33mWarning[0;m : [HistoBook.get] rcp/rcp_P_p_3_Over_6 Does Not Exist 
[1;33mWarning[0;m : [HistoBook.set] Histogram rcp_P_p_3_Over_6 is no good. 
[1;33mWarning[0;m : [HistoBook.get] rcp/rcp_P_p_3_Over_6 Does Not Exist 
[1;33mWarning[0;m : [HistoBook.set] Histogram rcp_P_p_3_Over_6 is no good. 
[1;33mWarning[0;m : [HistoBook.get] rcp/rcp_P_p_3_Over_6 Does Not Exist 
[1;33mWarning[0;m : [HistoBook.set] Histogram rcp_P_p_3_Over_6 is no good. 
[1;33mWarning[0;m : [HistoBook.get] rcp/rcp_P_p_3_Over_6 Does Not Exist 
[1;33mWarning[0;m : [HistoBook.set] Histogram rcp_P_p_3_Over_6 is no good. 
[1;33mWarning[0;m : [HistoBook.get] rcp/rcp_P_p_3_Over_6 Does Not Exist 
[1;33mWarning[0;m : [HistoBook.set] Histogram rcp_P_p_3_Over_6 is no good. 
[1;33mWarning[0;m : [HistoBook.get] rcp/rcp_P_p_3_Over_6 Does Not Exist 
[1;33mWarning[0;m : [HistoBook.set] Histogram rcp_P_p_3_Over_6 is no good. 
[1;33mWarning[0;m : [HistoBook.get] rcp/rcp_P_p_3_Over_6 Does Not Exist 
[1;33mWarning[0;m : [HistoBook.draw] rcp_P_p_3_Over_6 does not exist 
Info     : [saveImage]  Saving Image to ../products/15/presentation/export_rcp_P_p_3_Over_6.pdf
Info     : [next]  Pushing to next pad 
Info     : [savePage]  Saving Page to ../products/presentation/15GeV/present.pdf
Info     : [newPage]  New Page ( 3, 2, 0.01, 0.01 ) 
Info     : [cd]  Current Pad 1
Info     : [newPage]  New Page ( 3, 2, 0.01, 0.01 ) 
Info     : [cd]  Current Pad 1
[1;33mWarning[0;m : [HistoBook.get] rcp/rcp_Pi_n_4_Over_6 Does Not Exist 
[1;33mWarning[0;m : [HistoBook.set] Histogram rcp_Pi_n_4_Over_6 is no good. 
[1;33mWarning[0;m : [HistoBook.get] rcp/rcp_Pi_n_4_Over_6 Does Not Exist 
[1;33mWarning[0;m : [HistoBook.set] Histogram rcp_Pi_n_4_Over_6 is no good. 
[1;33mWarning[0;m : [HistoBook.get] rcp/rcp_Pi_n_4_Over_6 Does Not Exist 
[1;33mWarning[0;m : [HistoBook.set] Histogram rcp_Pi_n_4_Over_6 is no good. 
[1;33mWarning[0;m : [HistoBook.get] rcp/rcp_Pi_n_4_Over_6 Does Not Exist 
[1;33mWarning[0;m : [HistoBook.set] Histogram rcp_Pi_n_4_Over_6 is no good. 
[1;33mWarning[0;m : [HistoBook.get] rcp/rcp_Pi_n_4_Over_6 Does Not Exist 
[1;33mWarning[0;m : [HistoBook.set] Histogram rcp_Pi_n_4_Over_6 is no good. 
[1;33mWarning[0;m : [HistoBook.get] rcp/rcp_Pi_n_4_Over_6 Does Not Exist 
[1;33mWarning[0;m : [HistoBook.set] Histogram rcp_Pi_n_4_Over_6 is no good. 
[1;33mWarning[0;m : [HistoBook.get] rcp/rcp_Pi_n_4_Over_6 Does Not Exist 
[1;33mWarning[0;m : [HistoBook.draw] rcp_Pi_n_4_Over_6 does not exist 
Info     : [saveImage]  Saving Image to ../products/15/presentation/export_rcp_Pi_n_4_Over_6.pdf
Info     : [next]  Pushing to next pad 
Info     : [cd]  Current Pad 2
[1;33mWarning[0;m : [HistoBook.get] rcp/rcp_K_n_4_Over_6 Does Not Exist 
[1;33mWarning[0;m : [HistoBook.set] Histogram rcp_K_n_4_Over_6 is no good. 
[1;33mWarning[0;m : [HistoBook.get] rcp/rcp_K_n_4_Over_6 Does Not Exist 
[1;33mWarning[0;m : [HistoBook.set] Histogram rcp_K_n_4_Over_6 is no good. 
[1;33mWarning[0;m : [HistoBook.get] rcp/rcp_K_n_4_Over_6 Does Not Exist 
[1;33mWarning[0;m : [HistoBook.set] Histogram rcp_K_n_4_Over_6 is no good. 
[1;33mWarning[0;m : [HistoBook.get] rcp/rcp_K_n_4_Over_6 Does Not Exist 
[1;33mWarning[0;m : [HistoBook.set] Histogram rcp_K_n_4_Over_6 is no good. 
[1;33mWarning[0;m : [HistoBook.get] rcp/rcp_K_n_4_Over_6 Does Not Exist 
[1;33mWarning[0;m : [HistoBook.set] Histogram rcp_K_n_4_Over_6 is no good. 
[1;33mWarning[0;m : [HistoBook.get] rcp/rcp_K_n_4_Over_6 Does Not Exist 
[1;33mWarning[0;m : [HistoBook.set] Histogram rcp_K_n_4_Over_6 is no good. 
[1;33mWarning[0;m : [HistoBook.get] rcp/rcp_K_n_4_Over_6 Does Not Exist 
[1;33mWarning[0;m : [HistoBook.draw] rcp_K_n_4_Over_6 does not exist 
Info     : [saveImage]  Saving Image to ../products/15/presentation/export_rcp_K_n_4_Over_6.pdf
Info     : [next]  Pushing to next pad 
Info     : [cd]  Current Pad 3
[1;33mWarning[0;m : [HistoBook.get] rcp/rcp_P_n_4_Over_6 Does Not Exist 
[1;33mWarning[0;m : [HistoBook.set] Histogram rcp_P_n_4_Over_6 is no good. 
[1;33mWarning[0;m : [HistoBook.get] rcp/rcp_P_n_4_Over_6 Does Not Exist 
[1;33mWarning[0;m : [HistoBook.set] Histogram rcp_P_n_4_Over_6 is no good. 
[1;33mWarning[0;m : [HistoBook.get] rcp/rcp_P_n_4_Over_6 Does Not Exist 
[1;33mWarning[0;m : [HistoBook.set] Histogram rcp_P_n_4_Over_6 is no good. 
[1;33mWarning[0;m : [HistoBook.get] rcp/rcp_P_n_4_Over_6 Does Not Exist 
[1;33mWarning[0;m : [HistoBook.set] Histogram rcp_P_n_4_Over_6 is no good. 
[1;33mWarning[0;m : [HistoBook.get] rcp/rcp_P_n_4_Over_6 Does Not Exist 
[1;33mWarning[0;m : [HistoBook.set] Histogram rcp_P_n_4_Over_6 is no good. 
[1;33mWarning[0;m : [HistoBook.get] rcp/rcp_P_n_4_Over_6 Does Not Exist 
[1;33mWarning[0;m : [HistoBook.set] Histogram rcp_P_n_4_Over_6 is no good. 
[1;33mWarning[0;m : [HistoBook.get] rcp/rcp_P_n_4_Over_6 Does Not Exist 
[1;33mWarning[0;m : [HistoBook.draw] rcp_P_n_4_Over_6 does not exist 
Info     : [saveImage]  Saving Image to ../products/15/presentation/export_rcp_P_n_4_Over_6.pdf
Info     : [next]  Pushing to next pad 
Info     : [cd]  Current Pad 4
[1;33mWarning[0;m : [HistoBook.get] rcp/rcp_Pi_p_4_Over_6 Does Not Exist 
[1;33mWarning[0;m : [HistoBook.set] Histogram rcp_Pi_p_4_Over_6 is no good. 
[1;33mWarning[0;m : [HistoBook.get] rcp/rcp_Pi_p_4_Over_6 Does Not Exist 
[1;33mWarning[0;m : [HistoBook.set] Histogram rcp_Pi_p_4_Over_6 is no good. 
[1;33mWarning[0;m : [HistoBook.get] rcp/rcp_Pi_p_4_Over_6 Does Not Exist 
[1;33mWarning[0;m : [HistoBook.set] Histogram rcp_Pi_p_4_Over_6 is no good. 
[1;33mWarning[0;m : [HistoBook.get] rcp/rcp_Pi_p_4_Over_6 Does Not Exist 
[1;33mWarning[0;m : [HistoBook.set] Histogram rcp_Pi_p_4_Over_6 is no good. 
[1;33mWarning[0;m : [HistoBook.get] rcp/rcp_Pi_p_4_Over_6 Does Not Exist 
[1;33mWarning[0;m : [HistoBook.set] Histogram rcp_Pi_p_4_Over_6 is no good. 
[1;33mWarning[0;m : [HistoBook.get] rcp/rcp_Pi_p_4_Over_6 Does Not Exist 
[1;33mWarning[0;m : [HistoBook.set] Histogram rcp_Pi_p_4_Over_6 is no good. 
[1;33mWarning[0;m : [HistoBook.get] rcp/rcp_Pi_p_4_Over_6 Does Not Exist 
[1;33mWarning[0;m : [HistoBook.draw] rcp_Pi_p_4_Over_6 does not exist 
Info     : [saveImage]  Saving Image to ../products/15/presentation/export_rcp_Pi_p_4_Over_6.pdf
Info     : [next]  Pushing to next pad 
Info     : [cd]  Current Pad 5
[1;33mWarning[0;m : [HistoBook.get] rcp/rcp_K_p_4_Over_6 Does Not Exist 
[1;33mWarning[0;m : [HistoBook.set] Histogram rcp_K_p_4_Over_6 is no good. 
[1;33mWarning[0;m : [HistoBook.get] rcp/rcp_K_p_4_Over_6 Does Not Exist 
[1;33mWarning[0;m : [HistoBook.set] Histogram rcp_K_p_4_Over_6 is no good. 
[1;33mWarning[0;m : [HistoBook.get] rcp/rcp_K_p_4_Over_6 Does Not Exist 
[1;33mWarning[0;m : [HistoBook.set] Histogram rcp_K_p_4_Over_6 is no good. 
[1;33mWarning[0;m : [HistoBook.get] rcp/rcp_K_p_4_Over_6 Does Not Exist 
[1;33mWarning[0;m : [HistoBook.set] Histogram rcp_K_p_4_Over_6 is no good. 
[1;33mWarning[0;m : [HistoBook.get] rcp/rcp_K_p_4_Over_6 Does Not Exist 
[1;33mWarning[0;m : [HistoBook.set] Histogram rcp_K_p_4_Over_6 is no good. 
[1;33mWarning[0;m : [HistoBook.get] rcp/rcp_K_p_4_Over_6 Does Not Exist 
[1;33mWarning[0;m : [HistoBook.set] Histogram rcp_K_p_4_Over_6 is no good. 
[1;33mWarning[0;m : [HistoBook.get] rcp/rcp_K_p_4_Over_6 Does Not Exist 
[1;33mWarning[0;m : [HistoBook.draw] rcp_K_p_4_Over_6 does not exist 
Info     : [saveImage]  Saving Image to ../products/15/presentation/export_rcp_K_p_4_Over_6.pdf
Info     : [next]  Pushing to next pad 
Info     : [cd]  Current Pad 6
[1;33mWarning[0;m : [HistoBook.get] rcp/rcp_P_p_4_Over_6 Does Not Exist 
[1;33mWarning[0;m : [HistoBook.set] Histogram rcp_P_p_4_Over_6 is no good. 
[1;33mWarning[0;m : [HistoBook.get] rcp/rcp_P_p_4_Over_6 Does Not Exist 
[1;33mWarning[0;m : [HistoBook.set] Histogram rcp_P_p_4_Over_6 is no good. 
[1;33mWarning[0;m : [HistoBook.get] rcp/rcp_P_p_4_Over_6 Does Not Exist 
[1;33mWarning[0;m : [HistoBook.set] Histogram rcp_P_p_4_Over_6 is no good. 
[1;33mWarning[0;m : [HistoBook.get] rcp/rcp_P_p_4_Over_6 Does Not Exist 
[1;33mWarning[0;m : [HistoBook.set] Histogram rcp_P_p_4_Over_6 is no good. 
[1;33mWarning[0;m : [HistoBook.get] rcp/rcp_P_p_4_Over_6 Does Not Exist 
[1;33mWarning[0;m : [HistoBook.set] Histogram rcp_P_p_4_Over_6 is no good. 
[1;33mWarning[0;m : [HistoBook.get] rcp/rcp_P_p_4_Over_6 Does Not Exist 
[1;33mWarning[0;m : [HistoBook.set] Histogram rcp_P_p_4_Over_6 is no good. 
[1;33mWarning[0;m : [HistoBook.get] rcp/rcp_P_p_4_Over_6 Does Not Exist 
[1;33mWarning[0;m : [HistoBook.draw] rcp_P_p_4_Over_6 does not exist 
Info     : [saveImage]  Saving Image to ../products/15/presentation/export_rcp_P_p_4_Over_6.pdf
Info     : [next]  Pushing to next pad 
Info     : [savePage]  Saving Page to ../products/presentation/15GeV/present.pdf
Info     : [newPage]  New Page ( 3, 2, 0.01, 0.01 ) 
Info     : [cd]  Current Pad 1
Info     : [newPage]  New Page ( 3, 2, 0.01, 0.01 ) 
Info     : [cd]  Current Pad 1
[1;33mWarning[0;m : [HistoBook.get] rcp/rcp_Pi_n_5_Over_6 Does Not Exist 
[1;33mWarning[0;m : [HistoBook.set] Histogram rcp_Pi_n_5_Over_6 is no good. 
[1;33mWarning[0;m : [HistoBook.get] rcp/rcp_Pi_n_5_Over_6 Does Not Exist 
[1;33mWarning[0;m : [HistoBook.set] Histogram rcp_Pi_n_5_Over_6 is no good. 
[1;33mWarning[0;m : [HistoBook.get] rcp/rcp_Pi_n_5_Over_6 Does Not Exist 
[1;33mWarning[0;m : [HistoBook.set] Histogram rcp_Pi_n_5_Over_6 is no good. 
[1;33mWarning[0;m : [HistoBook.get] rcp/rcp_Pi_n_5_Over_6 Does Not Exist 
[1;33mWarning[0;m : [HistoBook.set] Histogram rcp_Pi_n_5_Over_6 is no good. 
[1;33mWarning[0;m : [HistoBook.get] rcp/rcp_Pi_n_5_Over_6 Does Not Exist 
[1;33mWarning[0;m : [HistoBook.set] Histogram rcp_Pi_n_5_Over_6 is no good. 
[1;33mWarning[0;m : [HistoBook.get] rcp/rcp_Pi_n_5_Over_6 Does Not Exist 
[1;33mWarning[0;m : [HistoBook.set] Histogram rcp_Pi_n_5_Over_6 is no good. 
[1;33mWarning[0;m : [HistoBook.get] rcp/rcp_Pi_n_5_Over_6 Does Not Exist 
[1;33mWarning[0;m : [HistoBook.draw] rcp_Pi_n_5_Over_6 does not exist 
Info     : [saveImage]  Saving Image to ../products/15/presentation/export_rcp_Pi_n_5_Over_6.pdf
Info     : [next]  Pushing to next pad 
Info     : [cd]  Current Pad 2
[1;33mWarning[0;m : [HistoBook.get] rcp/rcp_K_n_5_Over_6 Does Not Exist 
[1;33mWarning[0;m : [HistoBook.set] Histogram rcp_K_n_5_Over_6 is no good. 
[1;33mWarning[0;m : [HistoBook.get] rcp/rcp_K_n_5_Over_6 Does Not Exist 
[1;33mWarning[0;m : [HistoBook.set] Histogram rcp_K_n_5_Over_6 is no good. 
[1;33mWarning[0;m : [HistoBook.get] rcp/rcp_K_n_5_Over_6 Does Not Exist 
[1;33mWarning[0;m : [HistoBook.set] Histogram rcp_K_n_5_Over_6 is no good. 
[1;33mWarning[0;m : [HistoBook.get] rcp/rcp_K_n_5_Over_6 Does Not Exist 
[1;33mWarning[0;m : [HistoBook.set] Histogram rcp_K_n_5_Over_6 is no good. 
[1;33mWarning[0;m : [HistoBook.get] rcp/rcp_K_n_5_Over_6 Does Not Exist 
[1;33mWarning[0;m : [HistoBook.set] Histogram rcp_K_n_5_Over_6 is no good. 
[1;33mWarning[0;m : [HistoBook.get] rcp/rcp_K_n_5_Over_6 Does Not Exist 
[1;33mWarning[0;m : [HistoBook.set] Histogram rcp_K_n_5_Over_6 is no good. 
[1;33mWarning[0;m : [HistoBook.get] rcp/rcp_K_n_5_Over_6 Does Not Exist 
[1;33mWarning[0;m : [HistoBook.draw] rcp_K_n_5_Over_6 does not exist 
Info     : [saveImage]  Saving Image to ../products/15/presentation/export_rcp_K_n_5_Over_6.pdf
Info     : [next]  Pushing to next pad 
Info     : [cd]  Current Pad 3
[1;33mWarning[0;m : [HistoBook.get] rcp/rcp_P_n_5_Over_6 Does Not Exist 
[1;33mWarning[0;m : [HistoBook.set] Histogram rcp_P_n_5_Over_6 is no good. 
[1;33mWarning[0;m : [HistoBook.get] rcp/rcp_P_n_5_Over_6 Does Not Exist 
[1;33mWarning[0;m : [HistoBook.set] Histogram rcp_P_n_5_Over_6 is no good. 
[1;33mWarning[0;m : [HistoBook.get] rcp/rcp_P_n_5_Over_6 Does Not Exist 
[1;33mWarning[0;m : [HistoBook.set] Histogram rcp_P_n_5_Over_6 is no good. 
[1;33mWarning[0;m : [HistoBook.get] rcp/rcp_P_n_5_Over_6 Does Not Exist 
[1;33mWarning[0;m : [HistoBook.set] Histogram rcp_P_n_5_Over_6 is no good. 
[1;33mWarning[0;m : [HistoBook.get] rcp/rcp_P_n_5_Over_6 Does Not Exist 
[1;33mWarning[0;m : [HistoBook.set] Histogram rcp_P_n_5_Over_6 is no good. 
[1;33mWarning[0;m : [HistoBook.get] rcp/rcp_P_n_5_Over_6 Does Not Exist 
[1;33mWarning[0;m : [HistoBook.set] Histogram rcp_P_n_5_Over_6 is no good. 
[1;33mWarning[0;m : [HistoBook.get] rcp/rcp_P_n_5_Over_6 Does Not Exist 
[1;33mWarning[0;m : [HistoBook.draw] rcp_P_n_5_Over_6 does not exist 
Info     : [saveImage]  Saving Image to ../products/15/presentation/export_rcp_P_n_5_Over_6.pdf
Info     : [next]  Pushing to next pad 
Info     : [cd]  Current Pad 4
[1;33mWarning[0;m : [HistoBook.get] rcp/rcp_Pi_p_5_Over_6 Does Not Exist 
[1;33mWarning[0;m : [HistoBook.set] Histogram rcp_Pi_p_5_Over_6 is no good. 
[1;33mWarning[0;m : [HistoBook.get] rcp/rcp_Pi_p_5_Over_6 Does Not Exist 
[1;33mWarning[0;m : [HistoBook.set] Histogram rcp_Pi_p_5_Over_6 is no good. 
[1;33mWarning[0;m : [HistoBook.get] rcp/rcp_Pi_p_5_Over_6 Does Not Exist 
[1;33mWarning[0;m : [HistoBook.set] Histogram rcp_Pi_p_5_Over_6 is no good. 
[1;33mWarning[0;m : [HistoBook.get] rcp/rcp_Pi_p_5_Over_6 Does Not Exist 
[1;33mWarning[0;m : [HistoBook.set] Histogram rcp_Pi_p_5_Over_6 is no good. 
[1;33mWarning[0;m : [HistoBook.get] rcp/rcp_Pi_p_5_Over_6 Does Not Exist 
[1;33mWarning[0;m : [HistoBook.set] Histogram rcp_Pi_p_5_Over_6 is no good. 
[1;33mWarning[0;m : [HistoBook.get] rcp/rcp_Pi_p_5_Over_6 Does Not Exist 
[1;33mWarning[0;m : [HistoBook.set] Histogram rcp_Pi_p_5_Over_6 is no good. 
[1;33mWarning[0;m : [HistoBook.get] rcp/rcp_Pi_p_5_Over_6 Does Not Exist 
[1;33mWarning[0;m : [HistoBook.draw] rcp_Pi_p_5_Over_6 does not exist 
Info     : [saveImage]  Saving Image to ../products/15/presentation/export_rcp_Pi_p_5_Over_6.pdf
Info     : [next]  Pushing to next pad 
Info     : [cd]  Current Pad 5
[1;33mWarning[0;m : [HistoBook.get] rcp/rcp_K_p_5_Over_6 Does Not Exist 
[1;33mWarning[0;m : [HistoBook.set] Histogram rcp_K_p_5_Over_6 is no good. 
[1;33mWarning[0;m : [HistoBook.get] rcp/rcp_K_p_5_Over_6 Does Not Exist 
[1;33mWarning[0;m : [HistoBook.set] Histogram rcp_K_p_5_Over_6 is no good. 
[1;33mWarning[0;m : [HistoBook.get] rcp/rcp_K_p_5_Over_6 Does Not Exist 
[1;33mWarning[0;m : [HistoBook.set] Histogram rcp_K_p_5_Over_6 is no good. 
[1;33mWarning[0;m : [HistoBook.get] rcp/rcp_K_p_5_Over_6 Does Not Exist 
[1;33mWarning[0;m : [HistoBook.set] Histogram rcp_K_p_5_Over_6 is no good. 
[1;33mWarning[0;m : [HistoBook.get] rcp/rcp_K_p_5_Over_6 Does Not Exist 
[1;33mWarning[0;m : [HistoBook.set] Histogram rcp_K_p_5_Over_6 is no good. 
[1;33mWarning[0;m : [HistoBook.get] rcp/rcp_K_p_5_Over_6 Does Not Exist 
[1;33mWarning[0;m : [HistoBook.set] Histogram rcp_K_p_5_Over_6 is no good. 
[1;33mWarning[0;m : [HistoBook.get] rcp/rcp_K_p_5_Over_6 Does Not Exist 
[1;33mWarning[0;m : [HistoBook.draw] rcp_K_p_5_Over_6 does not exist 
Info     : [saveImage]  Saving Image to ../products/15/presentation/export_rcp_K_p_5_Over_6.pdf
Info     : [next]  Pushing to next pad 
Info     : [cd]  Current Pad 6
[1;33mWarning[0;m : [HistoBook.get] rcp/rcp_P_p_5_Over_6 Does Not Exist 
[1;33mWarning[0;m : [HistoBook.set] Histogram rcp_P_p_5_Over_6 is no good. 
[1;33mWarning[0;m : [HistoBook.get] rcp/rcp_P_p_5_Over_6 Does Not Exist 
[1;33mWarning[0;m : [HistoBook.set] Histogram rcp_P_p_5_Over_6 is no good. 
[1;33mWarning[0;m : [HistoBook.get] rcp/rcp_P_p_5_Over_6 Does Not Exist 
[1;33mWarning[0;m : [HistoBook.set] Histogram rcp_P_p_5_Over_6 is no good. 
[1;33mWarning[0;m : [HistoBook.get] rcp/rcp_P_p_5_Over_6 Does Not Exist 
[1;33mWarning[0;m : [HistoBook.set] Histogram rcp_P_p_5_Over_6 is no good. 
[1;33mWarning[0;m : [HistoBook.get] rcp/rcp_P_p_5_Over_6 Does Not Exist 
[1;33mWarning[0;m : [HistoBook.set] Histogram rcp_P_p_5_Over_6 is no good. 
[1;33mWarning[0;m : [HistoBook.get] rcp/rcp_P_p_5_Over_6 Does Not Exist 
[1;33mWarning[0;m : [HistoBook.set] Histogram rcp_P_p_5_Over_6 is no good. 
[1;33mWarning[0;m : [HistoBook.get] rcp/rcp_P_p_5_Over_6 Does Not Exist 
[1;33mWarning[0;m : [HistoBook.draw] rcp_P_p_5_Over_6 does not exist 
Info     : [saveImage]  Saving Image to ../products/15/presentation/export_rcp_P_p_5_Over_6.pdf
Info     : [next]  Pushing to next pad 
Info     : [savePage]  Saving Page to ../products/presentation/15GeV/present.pdf
Info     : [newPage]  New Page ( 3, 2, 0.01, 0.01 ) 
Info     : [cd]  Current Pad 1
Info     : [newPage]  New Page ( 3, 2, 0.01, 0.01 ) 
Info     : [cd]  Current Pad 1
Info     : [saveImage]  Saving Image to ../products/15/presentation/export_rcp_Pi_n_6_Over_6.pdf
Info     : [next]  Pushing to next pad 
Info     : [cd]  Current Pad 2
Info     : [saveImage]  Saving Image to ../products/15/presentation/export_rcp_K_n_6_Over_6.pdf
Info     : [next]  Pushing to next pad 
Info     : [cd]  Current Pad 3
Info     : [saveImage]  Saving Image to ../products/15/presentation/export_rcp_P_n_6_Over_6.pdf
Info     : [next]  Pushing to next pad 
Info     : [cd]  Current Pad 4
Info     : [saveImage]  Saving Image to ../products/15/presentation/export_rcp_Pi_p_6_Over_6.pdf
Info     : [next]  Pushing to next pad 
Info     : [cd]  Current Pad 5
Info     : [saveImage]  Saving Image to ../products/15/presentation/export_rcp_K_p_6_Over_6.pdf
Info     : [next]  Pushing to next pad 
Info     : [cd]  Current Pad 6
Info     : [saveImage]  Saving Image to ../products/15/presentation/export_rcp_P_p_6_Over_6.pdf
Info     : [next]  Pushing to next pad 
Info     : [savePage]  Saving Page to ../products/presentation/15GeV/present.pdf
Info     : [newPage]  New Page ( 3, 2, 0.01, 0.01 ) 
Info     : [cd]  Current Pad 1
Info     : [newPage]  New Page ( 3, 1, 0.01, 0.01 ) 
Info     : [cd]  Current Pad 1
Info     : [next]  Pushing to next pad 
Info     : [cd]  Current Pad 2
Info     : [next]  Pushing to next pad 
Info     : [cd]  Current Pad 3
Info     : [next]  Pushing to next pad 
Info     : [savePage]  Saving Page to ../products/presentation/15GeV/present.pdf
Info     : [newPage]  New Page ( 3, 1, 0.01, 0.01 ) 
Info     : [cd]  Current Pad 1
Info     : [newPage]  New Page ( 3, 1, 0.01, 0.01 ) 
Info     : [cd]  Current Pad 1
Info     : [next]  Pushing to next pad 
Info     : [cd]  Current Pad 2
Info     : [next]  Pushing to next pad 
Info     : [cd]  Current Pad 3
Info     : [next]  Pushing to next pad 
Info     : [savePage]  Saving Page to ../products/presentation/15GeV/present.pdf
Info     : [newPage]  New Page ( 3, 1, 0.01, 0.01 ) 
Info     : [cd]  Current Pad 1
Info     : [newPage]  New Page ( 3, 1, 0.01, 0.01 ) 
Info     : [cd]  Current Pad 1
Info     : [saveImage]  Saving Image to ../products/15/presentation/export_chargeRatioCen.pdf
Info     : [next]  Pushing to next pad 
Info     : [cd]  Current Pad 2
Info     : [saveImage]  Saving Image to ../products/15/presentation/export_chargeRatioCen.pdf
Info     : [next]  Pushing to next pad 
Info     : [cd]  Current Pad 3
Info     : [saveImage]  Saving Image to ../products/15/presentation/export_chargeRatioCen.pdf
Info     : [next]  Pushing to next pad 
Info     : [savePage]  Saving Page to ../products/presentation/15GeV/present.pdf
Info     : [newPage]  New Page ( 3, 1, 0.01, 0.01 ) 
Info     : [cd]  Current Pad 1
Info     : [newPage]  New Page ( 1, 1, 0.01, 0.01 ) 
Info     : [cd]  Current Pad 1
Info     : [next]  Pushing to next pad 
Info     : [savePage]  Saving Page to ../products/presentation/15GeV/present.pdf
Info     : [newPage]  New Page ( 1, 1, 0.01, 0.01 ) 
Info     : [cd]  Current Pad 1
Info     : [next]  Pushing to next pad 
Info     : [savePage]  Saving Page to ../products/presentation/15GeV/present.pdf
Info     : [newPage]  New Page ( 1, 1, 0.01, 0.01 ) 
Info     : [cd]  Current Pad 1
Info     : [next]  Pushing to next pad 
Info     : [savePage]  Saving Page to ../products/presentation/15GeV/present.pdf
Info     : [newPage]  New Page ( 1, 1, 0.01, 0.01 ) 
Info     : [cd]  Current Pad 1
Info     : [next]  Pushing to next pad 
Info     : [savePage]  Saving Page to ../products/presentation/15GeV/present.pdf
Info     : [newPage]  New Page ( 1, 1, 0.01, 0.01 ) 
Info     : [cd]  Current Pad 1
Info     : [next]  Pushing to next pad 
Info     : [savePage]  Saving Page to ../products/presentation/15GeV/present.pdf
Info     : [newPage]  New Page ( 1, 1, 0.01, 0.01 ) 
Info     : [cd]  Current Pad 1
Info     : [next]  Pushing to next pad 
Info     : [savePage]  Saving Page to ../products/presentation/15GeV/present.pdf
Info     : [newPage]  New Page ( 1, 1, 0.01, 0.01 ) 
Info     : [cd]  Current Pad 1
Info     : [newPage]  New Page ( 1, 1, 0.01, 0.01 ) 
Info     : [cd]  Current Pad 1
Info     : [saveImage]  Saving Image to ../products/15/presentation/export_rcp_nPart_pt_15.pdf
Info     : [savePage]  Saving Page to ../products/presentation/15GeV/present.pdf
Info     : [PidYieldPresenter.~PidYieldPresenter] 
Info     : [~Reporter]  
Info     : [~Reporter] ../products/presentation/15GeV/present.pdf Closed 
