09/02/15 12:04:16 ******************************************************
09/02/15 12:04:16 ** condor_scheduniv_exec.1753.0 (CONDOR_DAGMAN) STARTING UP
09/02/15 12:04:16 ** /opt/local/bin/condor_dagman
09/02/15 12:04:16 ** SubsystemInfo: name=DAGMAN type=DAGMAN(10) class=DAEMON(1)
09/02/15 12:04:16 ** Configuration: subsystem:DAGMAN local:<NONE> class:DAEMON
09/02/15 12:04:16 ** $CondorVersion: 8.2.3 Mar 09 2015 $
09/02/15 12:04:16 ** $CondorPlatform: X86_64-DARWIN_14.1.0 $
09/02/15 12:04:16 ** PID = 60062
09/02/15 12:04:16 ** Log last touched time unavailable (No such file or directory)
09/02/15 12:04:16 ******************************************************
09/02/15 12:04:16 Using config source: /opt/local/etc/condor/condor_config
09/02/15 12:04:16 Using local config sources: 
09/02/15 12:04:16    /opt/local/etc/condor/condor_config.local
09/02/15 12:04:16 config Macros = 155, Sorted = 155, StringBytes = 4085, TablesBytes = 5628
09/02/15 12:04:16 CLASSAD_CACHING is ENABLED
09/02/15 12:04:16 Daemon Log is logging: D_ALWAYS D_ERROR
09/02/15 12:04:16 DaemonCore: command socket at <192.168.2.1:49922>
09/02/15 12:04:16 DaemonCore: private command socket at <192.168.2.1:49922>
09/02/15 12:04:16 DAGMAN_USE_STRICT setting: 1
09/02/15 12:04:16 DAGMAN_VERBOSITY setting: 3
09/02/15 12:04:16 DAGMAN_DEBUG_CACHE_SIZE setting: 5242880
09/02/15 12:04:16 DAGMAN_DEBUG_CACHE_ENABLE setting: False
09/02/15 12:04:16 DAGMAN_SUBMIT_DELAY setting: 0
09/02/15 12:04:16 DAGMAN_MAX_SUBMIT_ATTEMPTS setting: 6
09/02/15 12:04:16 DAGMAN_STARTUP_CYCLE_DETECT setting: False
09/02/15 12:04:16 DAGMAN_MAX_SUBMITS_PER_INTERVAL setting: 5
09/02/15 12:04:16 DAGMAN_USER_LOG_SCAN_INTERVAL setting: 5
09/02/15 12:04:16 DAGMAN_DEFAULT_PRIORITY setting: 0
09/02/15 12:04:16 DAGMAN_ALWAYS_USE_NODE_LOG setting: True
09/02/15 12:04:16 DAGMAN_SUPPRESS_NOTIFICATION setting: True
09/02/15 12:04:16 allow_events (DAGMAN_IGNORE_DUPLICATE_JOB_EXECUTION, DAGMAN_ALLOW_EVENTS) setting: 114
09/02/15 12:04:16 DAGMAN_RETRY_SUBMIT_FIRST setting: True
09/02/15 12:04:16 DAGMAN_RETRY_NODE_FIRST setting: False
09/02/15 12:04:16 DAGMAN_MAX_JOBS_IDLE setting: 0
09/02/15 12:04:16 DAGMAN_MAX_JOBS_SUBMITTED setting: 0
09/02/15 12:04:16 DAGMAN_MAX_PRE_SCRIPTS setting: 0
09/02/15 12:04:16 DAGMAN_MAX_POST_SCRIPTS setting: 0
09/02/15 12:04:16 DAGMAN_ALLOW_LOG_ERROR setting: False
09/02/15 12:04:16 DAGMAN_MUNGE_NODE_NAMES setting: True
09/02/15 12:04:16 DAGMAN_PROHIBIT_MULTI_JOBS setting: False
09/02/15 12:04:16 DAGMAN_SUBMIT_DEPTH_FIRST setting: False
09/02/15 12:04:16 DAGMAN_ALWAYS_RUN_POST setting: True
09/02/15 12:04:16 DAGMAN_ABORT_DUPLICATES setting: True
09/02/15 12:04:16 DAGMAN_ABORT_ON_SCARY_SUBMIT setting: True
09/02/15 12:04:16 DAGMAN_PENDING_REPORT_INTERVAL setting: 600
09/02/15 12:04:16 DAGMAN_AUTO_RESCUE setting: True
09/02/15 12:04:16 DAGMAN_MAX_RESCUE_NUM setting: 100
09/02/15 12:04:16 DAGMAN_WRITE_PARTIAL_RESCUE setting: True
09/02/15 12:04:16 DAGMAN_DEFAULT_NODE_LOG setting: @(DAG_DIR)/@(DAG_FILE).nodes.log
09/02/15 12:04:16 DAGMAN_GENERATE_SUBDAG_SUBMITS setting: True
09/02/15 12:04:16 DAGMAN_MAX_JOB_HOLDS setting: 100
09/02/15 12:04:16 DAGMAN_HOLD_CLAIM_TIME setting: 20
09/02/15 12:04:16 ALL_DEBUG setting: 
09/02/15 12:04:16 DAGMAN_DEBUG setting: 
09/02/15 12:04:16 argv[0] == "condor_scheduniv_exec.1753.0"
09/02/15 12:04:16 argv[1] == "-Lockfile"
09/02/15 12:04:16 argv[2] == "TpcEff.dag.lock"
09/02/15 12:04:16 argv[3] == "-AutoRescue"
09/02/15 12:04:16 argv[4] == "1"
09/02/15 12:04:16 argv[5] == "-DoRescueFrom"
09/02/15 12:04:16 argv[6] == "0"
09/02/15 12:04:16 argv[7] == "-Dag"
09/02/15 12:04:16 argv[8] == "TpcEff.dag"
09/02/15 12:04:16 argv[9] == "-Suppress_notification"
09/02/15 12:04:16 argv[10] == "-CsdVersion"
09/02/15 12:04:16 argv[11] == "$CondorVersion: 8.2.3 Mar 09 2015 $"
09/02/15 12:04:16 argv[12] == "-Dagman"
09/02/15 12:04:16 argv[13] == "/opt/local/bin/condor_dagman"
09/02/15 12:04:16 Default node log file is: </home/jdb12/work/rcpMaker/runner/grid/dca_up/./TpcEff.dag.nodes.log>
09/02/15 12:04:16 DAG Lockfile will be written to TpcEff.dag.lock
09/02/15 12:04:17 DAG Input file is TpcEff.dag
09/02/15 12:04:17 Ignoring value of DAGMAN_LOG_ON_NFS_IS_ERROR.
09/02/15 12:04:17 Parsing 1 dagfiles
09/02/15 12:04:17 Parsing TpcEff.dag ...
09/02/15 12:04:17 Dag contains 2 total jobs
09/02/15 12:04:17 Sleeping for 12 seconds to ensure ProcessId uniqueness
09/02/15 12:04:29 Warning: ProcessId not confirmed unique
09/02/15 12:04:29 Bootstrapping...
09/02/15 12:04:29 Number of pre-completed nodes: 0
09/02/15 12:04:29 Of 2 nodes total:
09/02/15 12:04:29  Done     Pre   Queued    Post   Ready   Un-Ready   Failed
09/02/15 12:04:29   ===     ===      ===     ===     ===        ===      ===
09/02/15 12:04:29     0       0        0       0       1          1        0
09/02/15 12:04:29 0 job proc(s) currently held
09/02/15 12:04:29 Registering condor_event_timer...
09/02/15 12:04:30 Unable to get log file from submit file TpcEff_Make.submit (node A); using default (/home/jdb12/work/rcpMaker/runner/grid/dca_up/./TpcEff.dag.nodes.log)
09/02/15 12:04:30 MultiLogFiles: truncating log file /home/jdb12/work/rcpMaker/runner/grid/dca_up/./TpcEff.dag.nodes.log
09/02/15 12:04:30 Submitting Condor Node A job(s)...
09/02/15 12:04:30 submitting: condor_submit -a dag_node_name' '=' 'A -a +DAGManJobId' '=' '1753 -a DAGManJobId' '=' '1753 -a submit_event_notes' '=' 'DAG' 'Node:' 'A -a log' '=' '/home/jdb12/work/rcpMaker/runner/grid/dca_up/./TpcEff.dag.nodes.log -a log_xml' '=' 'False -a DAG_STATUS' '=' '0 -a FAILED_COUNT' '=' '0 -a +DAGParentNodeNames' '=' '"" -a +KeepClaimIdle' '=' '20 -a notification' '=' 'never TpcEff_Make.submit
09/02/15 12:04:30 From submit: Submitting job(s)............
09/02/15 12:04:30 From submit: 12 job(s) submitted to cluster 1754.
09/02/15 12:04:30 	assigned Condor ID (1754.0.0)
09/02/15 12:04:30 Just submitted 1 job this cycle...
09/02/15 12:04:30 Currently monitoring 1 Condor log file(s)
09/02/15 12:04:30 Reassigning the id of job A from (1754.0.0) to (1754.0.0)
09/02/15 12:04:30 Event: ULOG_SUBMIT for Condor Node A (1754.0.0)
09/02/15 12:04:30 Number of idle job procs: 1
09/02/15 12:04:30 Reassigning the id of job A from (1754.0.0) to (1754.1.0)
09/02/15 12:04:30 Event: ULOG_SUBMIT for Condor Node A (1754.1.0)
09/02/15 12:04:30 Number of idle job procs: 1
09/02/15 12:04:30 Reassigning the id of job A from (1754.1.0) to (1754.2.0)
09/02/15 12:04:30 Event: ULOG_SUBMIT for Condor Node A (1754.2.0)
09/02/15 12:04:30 Number of idle job procs: 1
09/02/15 12:04:30 Reassigning the id of job A from (1754.2.0) to (1754.3.0)
09/02/15 12:04:30 Event: ULOG_SUBMIT for Condor Node A (1754.3.0)
09/02/15 12:04:30 Number of idle job procs: 1
09/02/15 12:04:30 Reassigning the id of job A from (1754.3.0) to (1754.4.0)
09/02/15 12:04:30 Event: ULOG_SUBMIT for Condor Node A (1754.4.0)
09/02/15 12:04:30 Number of idle job procs: 1
09/02/15 12:04:30 Reassigning the id of job A from (1754.4.0) to (1754.5.0)
09/02/15 12:04:30 Event: ULOG_SUBMIT for Condor Node A (1754.5.0)
09/02/15 12:04:30 Number of idle job procs: 1
09/02/15 12:04:30 Reassigning the id of job A from (1754.5.0) to (1754.6.0)
09/02/15 12:04:30 Event: ULOG_SUBMIT for Condor Node A (1754.6.0)
09/02/15 12:04:30 Number of idle job procs: 1
09/02/15 12:04:30 Reassigning the id of job A from (1754.6.0) to (1754.7.0)
09/02/15 12:04:30 Event: ULOG_SUBMIT for Condor Node A (1754.7.0)
09/02/15 12:04:30 Number of idle job procs: 1
09/02/15 12:04:30 Reassigning the id of job A from (1754.7.0) to (1754.8.0)
09/02/15 12:04:30 Event: ULOG_SUBMIT for Condor Node A (1754.8.0)
09/02/15 12:04:30 Number of idle job procs: 1
09/02/15 12:04:30 Reassigning the id of job A from (1754.8.0) to (1754.9.0)
09/02/15 12:04:30 Event: ULOG_SUBMIT for Condor Node A (1754.9.0)
09/02/15 12:04:30 Number of idle job procs: 1
09/02/15 12:04:30 Reassigning the id of job A from (1754.9.0) to (1754.10.0)
09/02/15 12:04:30 Event: ULOG_SUBMIT for Condor Node A (1754.10.0)
09/02/15 12:04:30 Number of idle job procs: 1
09/02/15 12:04:30 Reassigning the id of job A from (1754.10.0) to (1754.11.0)
09/02/15 12:04:30 Event: ULOG_SUBMIT for Condor Node A (1754.11.0)
09/02/15 12:04:30 Number of idle job procs: 1
09/02/15 12:04:30 Of 2 nodes total:
09/02/15 12:04:30  Done     Pre   Queued    Post   Ready   Un-Ready   Failed
09/02/15 12:04:30   ===     ===      ===     ===     ===        ===      ===
09/02/15 12:04:30     0       0        1       0       0          1        0
09/02/15 12:04:30 0 job proc(s) currently held
09/02/15 12:04:40 Currently monitoring 1 Condor log file(s)
09/02/15 12:04:40 Event: ULOG_EXECUTE for Condor Node A (1754.0.0)
09/02/15 12:04:40 Number of idle job procs: 0
09/02/15 12:04:40 Event: ULOG_EXECUTE for Condor Node A (1754.2.0)
09/02/15 12:04:40 Number of idle job procs: 0
09/02/15 12:04:40 Event: ULOG_EXECUTE for Condor Node A (1754.1.0)
09/02/15 12:04:40 Number of idle job procs: 0
09/02/15 12:04:40 Event: ULOG_EXECUTE for Condor Node A (1754.3.0)
09/02/15 12:04:40 Number of idle job procs: 0
09/02/15 12:04:40 Event: ULOG_EXECUTE for Condor Node A (1754.4.0)
09/02/15 12:04:40 Number of idle job procs: 0
09/02/15 12:04:40 Event: ULOG_EXECUTE for Condor Node A (1754.5.0)
09/02/15 12:04:40 Number of idle job procs: 0
09/02/15 12:04:40 Event: ULOG_EXECUTE for Condor Node A (1754.7.0)
09/02/15 12:04:40 Number of idle job procs: 0
09/02/15 12:04:40 Event: ULOG_EXECUTE for Condor Node A (1754.8.0)
09/02/15 12:04:40 Number of idle job procs: 0
09/02/15 12:04:40 Event: ULOG_EXECUTE for Condor Node A (1754.6.0)
09/02/15 12:04:40 Number of idle job procs: 0
09/02/15 12:04:50 Currently monitoring 1 Condor log file(s)
09/02/15 12:04:50 Event: ULOG_IMAGE_SIZE for Condor Node A (1754.0.0)
09/02/15 12:04:50 Event: ULOG_IMAGE_SIZE for Condor Node A (1754.2.0)
09/02/15 12:04:50 Event: ULOG_IMAGE_SIZE for Condor Node A (1754.1.0)
09/02/15 12:04:50 Event: ULOG_IMAGE_SIZE for Condor Node A (1754.3.0)
09/02/15 12:04:50 Event: ULOG_IMAGE_SIZE for Condor Node A (1754.4.0)
09/02/15 12:04:50 Event: ULOG_IMAGE_SIZE for Condor Node A (1754.5.0)
09/02/15 12:04:50 Event: ULOG_IMAGE_SIZE for Condor Node A (1754.7.0)
09/02/15 12:04:50 Event: ULOG_IMAGE_SIZE for Condor Node A (1754.8.0)
09/02/15 12:04:50 Event: ULOG_IMAGE_SIZE for Condor Node A (1754.6.0)
09/02/15 12:04:50 Event: ULOG_EXECUTE for Condor Node A (1754.9.0)
09/02/15 12:04:50 Number of idle job procs: 0
09/02/15 12:04:50 Event: ULOG_EXECUTE for Condor Node A (1754.11.0)
09/02/15 12:04:50 Number of idle job procs: 0
09/02/15 12:04:50 Event: ULOG_EXECUTE for Condor Node A (1754.10.0)
09/02/15 12:04:50 Number of idle job procs: 0
09/02/15 12:05:00 Currently monitoring 1 Condor log file(s)
09/02/15 12:05:00 Event: ULOG_IMAGE_SIZE for Condor Node A (1754.10.0)
09/02/15 12:05:00 Event: ULOG_IMAGE_SIZE for Condor Node A (1754.11.0)
09/02/15 12:05:00 Event: ULOG_IMAGE_SIZE for Condor Node A (1754.9.0)
09/02/15 12:05:10 Currently monitoring 1 Condor log file(s)
09/02/15 12:05:10 Event: ULOG_IMAGE_SIZE for Condor Node A (1754.2.0)
09/02/15 12:05:10 Event: ULOG_JOB_TERMINATED for Condor Node A (1754.2.0)
09/02/15 12:05:10 Number of idle job procs: 0
09/02/15 12:05:10 Node A job proc (1754.2.0) completed successfully.
09/02/15 12:05:15 Currently monitoring 1 Condor log file(s)
09/02/15 12:05:15 Event: ULOG_IMAGE_SIZE for Condor Node A (1754.3.0)
09/02/15 12:05:15 Event: ULOG_JOB_TERMINATED for Condor Node A (1754.3.0)
09/02/15 12:05:15 Number of idle job procs: 0
09/02/15 12:05:15 Node A job proc (1754.3.0) completed successfully.
09/02/15 12:05:20 Currently monitoring 1 Condor log file(s)
09/02/15 12:05:20 Event: ULOG_IMAGE_SIZE for Condor Node A (1754.8.0)
09/02/15 12:05:20 Event: ULOG_JOB_TERMINATED for Condor Node A (1754.8.0)
09/02/15 12:05:20 Number of idle job procs: 0
09/02/15 12:05:20 Node A job proc (1754.8.0) completed successfully.
09/02/15 12:05:20 Event: ULOG_IMAGE_SIZE for Condor Node A (1754.0.0)
09/02/15 12:05:20 Event: ULOG_JOB_TERMINATED for Condor Node A (1754.0.0)
09/02/15 12:05:20 Number of idle job procs: 0
09/02/15 12:05:20 Node A job proc (1754.0.0) completed successfully.
09/02/15 12:05:20 Event: ULOG_IMAGE_SIZE for Condor Node A (1754.7.0)
09/02/15 12:05:20 Event: ULOG_JOB_TERMINATED for Condor Node A (1754.7.0)
09/02/15 12:05:20 Number of idle job procs: 0
09/02/15 12:05:20 Node A job proc (1754.7.0) completed successfully.
09/02/15 12:05:25 Currently monitoring 1 Condor log file(s)
09/02/15 12:05:25 Event: ULOG_IMAGE_SIZE for Condor Node A (1754.1.0)
09/02/15 12:05:25 Event: ULOG_JOB_TERMINATED for Condor Node A (1754.1.0)
09/02/15 12:05:25 Number of idle job procs: 0
09/02/15 12:05:25 Node A job proc (1754.1.0) completed successfully.
09/02/15 12:05:25 Event: ULOG_IMAGE_SIZE for Condor Node A (1754.6.0)
09/02/15 12:05:25 Event: ULOG_JOB_TERMINATED for Condor Node A (1754.6.0)
09/02/15 12:05:25 Number of idle job procs: 0
09/02/15 12:05:25 Node A job proc (1754.6.0) completed successfully.
09/02/15 12:05:25 Event: ULOG_IMAGE_SIZE for Condor Node A (1754.10.0)
09/02/15 12:05:25 Event: ULOG_JOB_TERMINATED for Condor Node A (1754.10.0)
09/02/15 12:05:25 Number of idle job procs: 0
09/02/15 12:05:25 Node A job proc (1754.10.0) completed successfully.
09/02/15 12:05:30 Currently monitoring 1 Condor log file(s)
09/02/15 12:05:30 Event: ULOG_IMAGE_SIZE for Condor Node A (1754.5.0)
09/02/15 12:05:30 Event: ULOG_JOB_TERMINATED for Condor Node A (1754.5.0)
09/02/15 12:05:30 Number of idle job procs: 0
09/02/15 12:05:30 Node A job proc (1754.5.0) completed successfully.
09/02/15 12:05:30 Event: ULOG_IMAGE_SIZE for Condor Node A (1754.11.0)
09/02/15 12:05:30 Event: ULOG_JOB_TERMINATED for Condor Node A (1754.11.0)
09/02/15 12:05:30 Number of idle job procs: 0
09/02/15 12:05:30 Node A job proc (1754.11.0) completed successfully.
09/02/15 12:05:30 Event: ULOG_IMAGE_SIZE for Condor Node A (1754.4.0)
09/02/15 12:05:30 Event: ULOG_JOB_TERMINATED for Condor Node A (1754.4.0)
09/02/15 12:05:30 Number of idle job procs: 0
09/02/15 12:05:30 Node A job proc (1754.4.0) completed successfully.
09/02/15 12:05:40 Currently monitoring 1 Condor log file(s)
09/02/15 12:05:40 Event: ULOG_IMAGE_SIZE for Condor Node A (1754.9.0)
09/02/15 12:05:40 Event: ULOG_JOB_TERMINATED for Condor Node A (1754.9.0)
09/02/15 12:05:40 Number of idle job procs: 0
09/02/15 12:05:40 Node A job proc (1754.9.0) completed successfully.
09/02/15 12:05:40 Node A job completed
09/02/15 12:05:40 Of 2 nodes total:
09/02/15 12:05:40  Done     Pre   Queued    Post   Ready   Un-Ready   Failed
09/02/15 12:05:40   ===     ===      ===     ===     ===        ===      ===
09/02/15 12:05:40     1       0        0       0       1          0        0
09/02/15 12:05:40 0 job proc(s) currently held
09/02/15 12:05:45 Unable to get log file from submit file TpcEff_Fit.submit (node B); using default (/home/jdb12/work/rcpMaker/runner/grid/dca_up/./TpcEff.dag.nodes.log)
09/02/15 12:05:45 Submitting Condor Node B job(s)...
09/02/15 12:05:45 submitting: condor_submit -a dag_node_name' '=' 'B -a +DAGManJobId' '=' '1753 -a DAGManJobId' '=' '1753 -a submit_event_notes' '=' 'DAG' 'Node:' 'B -a log' '=' '/home/jdb12/work/rcpMaker/runner/grid/dca_up/./TpcEff.dag.nodes.log -a log_xml' '=' 'False -a DAG_STATUS' '=' '0 -a FAILED_COUNT' '=' '0 -a +DAGParentNodeNames' '=' '"A" -a notification' '=' 'never TpcEff_Fit.submit
09/02/15 12:05:45 From submit: Submitting job(s).
09/02/15 12:05:45 From submit: 1 job(s) submitted to cluster 1755.
09/02/15 12:05:45 	assigned Condor ID (1755.0.0)
09/02/15 12:05:45 Just submitted 1 job this cycle...
09/02/15 12:05:45 Currently monitoring 1 Condor log file(s)
09/02/15 12:05:45 Reassigning the id of job B from (1755.0.0) to (1755.0.0)
09/02/15 12:05:45 Event: ULOG_SUBMIT for Condor Node B (1755.0.0)
09/02/15 12:05:45 Number of idle job procs: 1
09/02/15 12:05:45 Of 2 nodes total:
09/02/15 12:05:45  Done     Pre   Queued    Post   Ready   Un-Ready   Failed
09/02/15 12:05:45   ===     ===      ===     ===     ===        ===      ===
09/02/15 12:05:45     1       0        1       0       0          0        0
09/02/15 12:05:45 0 job proc(s) currently held
09/02/15 12:05:50 Currently monitoring 1 Condor log file(s)
09/02/15 12:05:50 Event: ULOG_EXECUTE for Condor Node B (1755.0.0)
09/02/15 12:05:50 Number of idle job procs: 0
09/02/15 12:05:50 Event: ULOG_IMAGE_SIZE for Condor Node B (1755.0.0)
09/02/15 12:05:50 Event: ULOG_JOB_TERMINATED for Condor Node B (1755.0.0)
09/02/15 12:05:50 Number of idle job procs: 0
09/02/15 12:05:50 Node B job proc (1755.0.0) completed successfully.
09/02/15 12:05:50 Node B job completed
09/02/15 12:05:50 Of 2 nodes total:
09/02/15 12:05:50  Done     Pre   Queued    Post   Ready   Un-Ready   Failed
09/02/15 12:05:50   ===     ===      ===     ===     ===        ===      ===
09/02/15 12:05:50     2       0        0       0       0          0        0
09/02/15 12:05:50 0 job proc(s) currently held
09/02/15 12:05:50 All jobs Completed!
09/02/15 12:05:50 Note: 0 total job deferrals because of -MaxJobs limit (0)
09/02/15 12:05:50 Note: 0 total job deferrals because of -MaxIdle limit (0)
09/02/15 12:05:50 Note: 0 total job deferrals because of node category throttles
09/02/15 12:05:50 Note: 0 total PRE script deferrals because of -MaxPre limit (0)
09/02/15 12:05:50 Note: 0 total POST script deferrals because of -MaxPost limit (0)
09/02/15 12:05:50 Of 2 nodes total:
09/02/15 12:05:50  Done     Pre   Queued    Post   Ready   Un-Ready   Failed
09/02/15 12:05:50   ===     ===      ===     ===     ===        ===      ===
09/02/15 12:05:50     2       0        0       0       0          0        0
09/02/15 12:05:50 0 job proc(s) currently held
09/02/15 12:05:50 Wrote metrics file TpcEff.dag.metrics.
09/02/15 12:05:50 Metrics not sent because of PEGASUS_METRICS or CONDOR_DEVELOPERS setting.
09/02/15 12:05:50 **** condor_scheduniv_exec.1753.0 (condor_DAGMAN) pid 60062 EXITING WITH STATUS 0
09/02/15 13:36:47 ******************************************************
09/02/15 13:36:47 ** condor_scheduniv_exec.1765.0 (CONDOR_DAGMAN) STARTING UP
09/02/15 13:36:47 ** /opt/local/bin/condor_dagman
09/02/15 13:36:47 ** SubsystemInfo: name=DAGMAN type=DAGMAN(10) class=DAEMON(1)
09/02/15 13:36:47 ** Configuration: subsystem:DAGMAN local:<NONE> class:DAEMON
09/02/15 13:36:47 ** $CondorVersion: 8.2.3 Mar 09 2015 $
09/02/15 13:36:47 ** $CondorPlatform: X86_64-DARWIN_14.1.0 $
09/02/15 13:36:47 ** PID = 68417
09/02/15 13:36:47 ** Log last touched 9/2 13:33:41
09/02/15 13:36:47 ******************************************************
09/02/15 13:36:47 Using config source: /opt/local/etc/condor/condor_config
09/02/15 13:36:47 Using local config sources: 
09/02/15 13:36:47    /opt/local/etc/condor/condor_config.local
09/02/15 13:36:47 config Macros = 155, Sorted = 155, StringBytes = 4091, TablesBytes = 5628
09/02/15 13:36:47 CLASSAD_CACHING is ENABLED
09/02/15 13:36:47 Daemon Log is logging: D_ALWAYS D_ERROR
09/02/15 13:36:47 DaemonCore: command socket at <192.168.2.1:55717>
09/02/15 13:36:47 DaemonCore: private command socket at <192.168.2.1:55717>
09/02/15 13:36:47 DAGMAN_USE_STRICT setting: 1
09/02/15 13:36:47 DAGMAN_VERBOSITY setting: 3
09/02/15 13:36:47 DAGMAN_DEBUG_CACHE_SIZE setting: 5242880
09/02/15 13:36:47 DAGMAN_DEBUG_CACHE_ENABLE setting: False
09/02/15 13:36:47 DAGMAN_SUBMIT_DELAY setting: 0
09/02/15 13:36:47 DAGMAN_MAX_SUBMIT_ATTEMPTS setting: 6
09/02/15 13:36:47 DAGMAN_STARTUP_CYCLE_DETECT setting: False
09/02/15 13:36:47 DAGMAN_MAX_SUBMITS_PER_INTERVAL setting: 5
09/02/15 13:36:47 DAGMAN_USER_LOG_SCAN_INTERVAL setting: 5
09/02/15 13:36:47 DAGMAN_DEFAULT_PRIORITY setting: 0
09/02/15 13:36:47 DAGMAN_ALWAYS_USE_NODE_LOG setting: True
09/02/15 13:36:47 DAGMAN_SUPPRESS_NOTIFICATION setting: True
09/02/15 13:36:47 allow_events (DAGMAN_IGNORE_DUPLICATE_JOB_EXECUTION, DAGMAN_ALLOW_EVENTS) setting: 114
09/02/15 13:36:47 DAGMAN_RETRY_SUBMIT_FIRST setting: True
09/02/15 13:36:47 DAGMAN_RETRY_NODE_FIRST setting: False
09/02/15 13:36:47 DAGMAN_MAX_JOBS_IDLE setting: 0
09/02/15 13:36:47 DAGMAN_MAX_JOBS_SUBMITTED setting: 0
09/02/15 13:36:47 DAGMAN_MAX_PRE_SCRIPTS setting: 0
09/02/15 13:36:47 DAGMAN_MAX_POST_SCRIPTS setting: 0
09/02/15 13:36:47 DAGMAN_ALLOW_LOG_ERROR setting: False
09/02/15 13:36:47 DAGMAN_MUNGE_NODE_NAMES setting: True
09/02/15 13:36:47 DAGMAN_PROHIBIT_MULTI_JOBS setting: False
09/02/15 13:36:47 DAGMAN_SUBMIT_DEPTH_FIRST setting: False
09/02/15 13:36:47 DAGMAN_ALWAYS_RUN_POST setting: True
09/02/15 13:36:47 DAGMAN_ABORT_DUPLICATES setting: True
09/02/15 13:36:47 DAGMAN_ABORT_ON_SCARY_SUBMIT setting: True
09/02/15 13:36:47 DAGMAN_PENDING_REPORT_INTERVAL setting: 600
09/02/15 13:36:47 DAGMAN_AUTO_RESCUE setting: True
09/02/15 13:36:47 DAGMAN_MAX_RESCUE_NUM setting: 100
09/02/15 13:36:47 DAGMAN_WRITE_PARTIAL_RESCUE setting: True
09/02/15 13:36:47 DAGMAN_DEFAULT_NODE_LOG setting: @(DAG_DIR)/@(DAG_FILE).nodes.log
09/02/15 13:36:47 DAGMAN_GENERATE_SUBDAG_SUBMITS setting: True
09/02/15 13:36:47 DAGMAN_MAX_JOB_HOLDS setting: 100
09/02/15 13:36:47 DAGMAN_HOLD_CLAIM_TIME setting: 20
09/02/15 13:36:47 ALL_DEBUG setting: 
09/02/15 13:36:47 DAGMAN_DEBUG setting: 
09/02/15 13:36:47 argv[0] == "condor_scheduniv_exec.1765.0"
09/02/15 13:36:47 argv[1] == "-Lockfile"
09/02/15 13:36:47 argv[2] == "TpcEff.dag.lock"
09/02/15 13:36:47 argv[3] == "-AutoRescue"
09/02/15 13:36:47 argv[4] == "1"
09/02/15 13:36:47 argv[5] == "-DoRescueFrom"
09/02/15 13:36:47 argv[6] == "0"
09/02/15 13:36:47 argv[7] == "-Dag"
09/02/15 13:36:47 argv[8] == "TpcEff.dag"
09/02/15 13:36:48 argv[9] == "-Suppress_notification"
09/02/15 13:36:48 argv[10] == "-CsdVersion"
09/02/15 13:36:48 argv[11] == "$CondorVersion: 8.2.3 Mar 09 2015 $"
09/02/15 13:36:48 argv[12] == "-Force"
09/02/15 13:36:48 argv[13] == "-Dagman"
09/02/15 13:36:48 argv[14] == "/opt/local/bin/condor_dagman"
09/02/15 13:36:48 Default node log file is: </home/jdb12/work/rcpMaker/runner/grid/nHitsFit_low/./TpcEff.dag.nodes.log>
09/02/15 13:36:48 DAG Lockfile will be written to TpcEff.dag.lock
09/02/15 13:36:48 DAG Input file is TpcEff.dag
09/02/15 13:36:48 Ignoring value of DAGMAN_LOG_ON_NFS_IS_ERROR.
09/02/15 13:36:48 Parsing 1 dagfiles
09/02/15 13:36:48 Parsing TpcEff.dag ...
09/02/15 13:36:48 Dag contains 2 total jobs
09/02/15 13:36:48 Sleeping for 12 seconds to ensure ProcessId uniqueness
09/02/15 13:37:00 Warning: ProcessId not confirmed unique
09/02/15 13:37:00 Bootstrapping...
09/02/15 13:37:00 Number of pre-completed nodes: 0
09/02/15 13:37:00 Of 2 nodes total:
09/02/15 13:37:00  Done     Pre   Queued    Post   Ready   Un-Ready   Failed
09/02/15 13:37:00   ===     ===      ===     ===     ===        ===      ===
09/02/15 13:37:00     0       0        0       0       1          1        0
09/02/15 13:37:00 0 job proc(s) currently held
09/02/15 13:37:00 Registering condor_event_timer...
09/02/15 13:37:01 Unable to get log file from submit file TpcEff_Make.submit (node A); using default (/home/jdb12/work/rcpMaker/runner/grid/nHitsFit_low/./TpcEff.dag.nodes.log)
09/02/15 13:37:01 MultiLogFiles: truncating log file /home/jdb12/work/rcpMaker/runner/grid/nHitsFit_low/./TpcEff.dag.nodes.log
09/02/15 13:37:01 Submitting Condor Node A job(s)...
09/02/15 13:37:01 submitting: condor_submit -a dag_node_name' '=' 'A -a +DAGManJobId' '=' '1765 -a DAGManJobId' '=' '1765 -a submit_event_notes' '=' 'DAG' 'Node:' 'A -a log' '=' '/home/jdb12/work/rcpMaker/runner/grid/nHitsFit_low/./TpcEff.dag.nodes.log -a log_xml' '=' 'False -a DAG_STATUS' '=' '0 -a FAILED_COUNT' '=' '0 -a +DAGParentNodeNames' '=' '"" -a +KeepClaimIdle' '=' '20 -a notification' '=' 'never TpcEff_Make.submit
09/02/15 13:37:01 From submit: Submitting job(s)............
09/02/15 13:37:01 From submit: 12 job(s) submitted to cluster 1766.
09/02/15 13:37:01 	assigned Condor ID (1766.0.0)
09/02/15 13:37:01 Just submitted 1 job this cycle...
09/02/15 13:37:01 Currently monitoring 1 Condor log file(s)
09/02/15 13:37:01 Reassigning the id of job A from (1766.0.0) to (1766.0.0)
09/02/15 13:37:01 Event: ULOG_SUBMIT for Condor Node A (1766.0.0)
09/02/15 13:37:01 Number of idle job procs: 1
09/02/15 13:37:01 Reassigning the id of job A from (1766.0.0) to (1766.1.0)
09/02/15 13:37:01 Event: ULOG_SUBMIT for Condor Node A (1766.1.0)
09/02/15 13:37:01 Number of idle job procs: 1
09/02/15 13:37:01 Reassigning the id of job A from (1766.1.0) to (1766.2.0)
09/02/15 13:37:01 Event: ULOG_SUBMIT for Condor Node A (1766.2.0)
09/02/15 13:37:01 Number of idle job procs: 1
09/02/15 13:37:01 Reassigning the id of job A from (1766.2.0) to (1766.3.0)
09/02/15 13:37:01 Event: ULOG_SUBMIT for Condor Node A (1766.3.0)
09/02/15 13:37:01 Number of idle job procs: 1
09/02/15 13:37:01 Reassigning the id of job A from (1766.3.0) to (1766.4.0)
09/02/15 13:37:01 Event: ULOG_SUBMIT for Condor Node A (1766.4.0)
09/02/15 13:37:01 Number of idle job procs: 1
09/02/15 13:37:01 Reassigning the id of job A from (1766.4.0) to (1766.5.0)
09/02/15 13:37:01 Event: ULOG_SUBMIT for Condor Node A (1766.5.0)
09/02/15 13:37:01 Number of idle job procs: 1
09/02/15 13:37:01 Reassigning the id of job A from (1766.5.0) to (1766.6.0)
09/02/15 13:37:01 Event: ULOG_SUBMIT for Condor Node A (1766.6.0)
09/02/15 13:37:01 Number of idle job procs: 1
09/02/15 13:37:01 Reassigning the id of job A from (1766.6.0) to (1766.7.0)
09/02/15 13:37:01 Event: ULOG_SUBMIT for Condor Node A (1766.7.0)
09/02/15 13:37:01 Number of idle job procs: 1
09/02/15 13:37:01 Reassigning the id of job A from (1766.7.0) to (1766.8.0)
09/02/15 13:37:01 Event: ULOG_SUBMIT for Condor Node A (1766.8.0)
09/02/15 13:37:01 Number of idle job procs: 1
09/02/15 13:37:01 Reassigning the id of job A from (1766.8.0) to (1766.9.0)
09/02/15 13:37:01 Event: ULOG_SUBMIT for Condor Node A (1766.9.0)
09/02/15 13:37:01 Number of idle job procs: 1
09/02/15 13:37:01 Reassigning the id of job A from (1766.9.0) to (1766.10.0)
09/02/15 13:37:01 Event: ULOG_SUBMIT for Condor Node A (1766.10.0)
09/02/15 13:37:01 Number of idle job procs: 1
09/02/15 13:37:01 Reassigning the id of job A from (1766.10.0) to (1766.11.0)
09/02/15 13:37:01 Event: ULOG_SUBMIT for Condor Node A (1766.11.0)
09/02/15 13:37:01 Number of idle job procs: 1
09/02/15 13:37:01 Of 2 nodes total:
09/02/15 13:37:01  Done     Pre   Queued    Post   Ready   Un-Ready   Failed
09/02/15 13:37:01   ===     ===      ===     ===     ===        ===      ===
09/02/15 13:37:01     0       0        1       0       0          1        0
09/02/15 13:37:01 0 job proc(s) currently held
09/02/15 13:37:16 Currently monitoring 1 Condor log file(s)
09/02/15 13:37:16 Event: ULOG_EXECUTE for Condor Node A (1766.0.0)
09/02/15 13:37:16 Number of idle job procs: 0
09/02/15 13:37:16 Event: ULOG_EXECUTE for Condor Node A (1766.2.0)
09/02/15 13:37:16 Number of idle job procs: 0
09/02/15 13:37:16 Event: ULOG_EXECUTE for Condor Node A (1766.1.0)
09/02/15 13:37:16 Number of idle job procs: 0
09/02/15 13:37:16 Event: ULOG_EXECUTE for Condor Node A (1766.3.0)
09/02/15 13:37:16 Number of idle job procs: 0
09/02/15 13:37:16 Event: ULOG_EXECUTE for Condor Node A (1766.4.0)
09/02/15 13:37:16 Number of idle job procs: 0
09/02/15 13:37:16 Event: ULOG_EXECUTE for Condor Node A (1766.5.0)
09/02/15 13:37:16 Number of idle job procs: 0
09/02/15 13:37:16 Event: ULOG_EXECUTE for Condor Node A (1766.8.0)
09/02/15 13:37:16 Number of idle job procs: 0
09/02/15 13:37:16 Event: ULOG_EXECUTE for Condor Node A (1766.6.0)
09/02/15 13:37:16 Number of idle job procs: 0
09/02/15 13:37:16 Event: ULOG_EXECUTE for Condor Node A (1766.7.0)
09/02/15 13:37:16 Number of idle job procs: 0
09/02/15 13:37:26 Currently monitoring 1 Condor log file(s)
09/02/15 13:37:26 Event: ULOG_IMAGE_SIZE for Condor Node A (1766.0.0)
09/02/15 13:37:26 Event: ULOG_IMAGE_SIZE for Condor Node A (1766.2.0)
09/02/15 13:37:26 Event: ULOG_IMAGE_SIZE for Condor Node A (1766.1.0)
09/02/15 13:37:26 Event: ULOG_IMAGE_SIZE for Condor Node A (1766.3.0)
09/02/15 13:37:26 Event: ULOG_IMAGE_SIZE for Condor Node A (1766.4.0)
09/02/15 13:37:26 Event: ULOG_IMAGE_SIZE for Condor Node A (1766.5.0)
09/02/15 13:37:26 Event: ULOG_IMAGE_SIZE for Condor Node A (1766.8.0)
09/02/15 13:37:26 Event: ULOG_IMAGE_SIZE for Condor Node A (1766.6.0)
09/02/15 13:37:26 Event: ULOG_IMAGE_SIZE for Condor Node A (1766.7.0)
09/02/15 13:37:31 Currently monitoring 1 Condor log file(s)
09/02/15 13:37:31 Event: ULOG_EXECUTE for Condor Node A (1766.9.0)
09/02/15 13:37:31 Number of idle job procs: 0
09/02/15 13:37:31 Event: ULOG_EXECUTE for Condor Node A (1766.11.0)
09/02/15 13:37:31 Number of idle job procs: 0
09/02/15 13:37:31 Event: ULOG_EXECUTE for Condor Node A (1766.10.0)
09/02/15 13:37:31 Number of idle job procs: 0
09/02/15 13:37:36 Currently monitoring 1 Condor log file(s)
09/02/15 13:37:36 Event: ULOG_IMAGE_SIZE for Condor Node A (1766.9.0)
09/02/15 13:37:36 Event: ULOG_IMAGE_SIZE for Condor Node A (1766.11.0)
09/02/15 13:37:36 Event: ULOG_IMAGE_SIZE for Condor Node A (1766.10.0)
09/02/15 13:37:46 Currently monitoring 1 Condor log file(s)
09/02/15 13:37:46 Event: ULOG_IMAGE_SIZE for Condor Node A (1766.2.0)
09/02/15 13:37:46 Event: ULOG_JOB_TERMINATED for Condor Node A (1766.2.0)
09/02/15 13:37:46 Number of idle job procs: 0
09/02/15 13:37:46 Node A job proc (1766.2.0) completed successfully.
09/02/15 13:37:51 Currently monitoring 1 Condor log file(s)
09/02/15 13:37:51 Event: ULOG_IMAGE_SIZE for Condor Node A (1766.3.0)
09/02/15 13:37:51 Event: ULOG_JOB_TERMINATED for Condor Node A (1766.3.0)
09/02/15 13:37:51 Number of idle job procs: 0
09/02/15 13:37:51 Node A job proc (1766.3.0) completed successfully.
09/02/15 13:37:56 Currently monitoring 1 Condor log file(s)
09/02/15 13:37:56 Event: ULOG_IMAGE_SIZE for Condor Node A (1766.8.0)
09/02/15 13:37:56 Event: ULOG_JOB_TERMINATED for Condor Node A (1766.8.0)
09/02/15 13:37:56 Number of idle job procs: 0
09/02/15 13:37:56 Node A job proc (1766.8.0) completed successfully.
09/02/15 13:37:56 Event: ULOG_IMAGE_SIZE for Condor Node A (1766.0.0)
09/02/15 13:37:56 Event: ULOG_JOB_TERMINATED for Condor Node A (1766.0.0)
09/02/15 13:37:56 Number of idle job procs: 0
09/02/15 13:37:56 Node A job proc (1766.0.0) completed successfully.
09/02/15 13:38:01 Currently monitoring 1 Condor log file(s)
09/02/15 13:38:01 Event: ULOG_IMAGE_SIZE for Condor Node A (1766.7.0)
09/02/15 13:38:01 Event: ULOG_JOB_TERMINATED for Condor Node A (1766.7.0)
09/02/15 13:38:01 Number of idle job procs: 0
09/02/15 13:38:01 Node A job proc (1766.7.0) completed successfully.
09/02/15 13:38:01 Event: ULOG_IMAGE_SIZE for Condor Node A (1766.10.0)
09/02/15 13:38:01 Event: ULOG_JOB_TERMINATED for Condor Node A (1766.10.0)
09/02/15 13:38:01 Number of idle job procs: 0
09/02/15 13:38:01 Node A job proc (1766.10.0) completed successfully.
09/02/15 13:38:01 Event: ULOG_IMAGE_SIZE for Condor Node A (1766.1.0)
09/02/15 13:38:01 Event: ULOG_JOB_TERMINATED for Condor Node A (1766.1.0)
09/02/15 13:38:01 Number of idle job procs: 0
09/02/15 13:38:01 Node A job proc (1766.1.0) completed successfully.
09/02/15 13:38:01 Event: ULOG_IMAGE_SIZE for Condor Node A (1766.6.0)
09/02/15 13:38:01 Event: ULOG_JOB_TERMINATED for Condor Node A (1766.6.0)
09/02/15 13:38:01 Number of idle job procs: 0
09/02/15 13:38:01 Node A job proc (1766.6.0) completed successfully.
09/02/15 13:38:06 Currently monitoring 1 Condor log file(s)
09/02/15 13:38:06 Event: ULOG_IMAGE_SIZE for Condor Node A (1766.11.0)
09/02/15 13:38:06 Event: ULOG_JOB_TERMINATED for Condor Node A (1766.11.0)
09/02/15 13:38:06 Number of idle job procs: 0
09/02/15 13:38:06 Node A job proc (1766.11.0) completed successfully.
09/02/15 13:38:06 Event: ULOG_IMAGE_SIZE for Condor Node A (1766.5.0)
09/02/15 13:38:06 Event: ULOG_JOB_TERMINATED for Condor Node A (1766.5.0)
09/02/15 13:38:06 Number of idle job procs: 0
09/02/15 13:38:06 Node A job proc (1766.5.0) completed successfully.
09/02/15 13:38:11 Currently monitoring 1 Condor log file(s)
09/02/15 13:38:11 Event: ULOG_IMAGE_SIZE for Condor Node A (1766.4.0)
09/02/15 13:38:11 Event: ULOG_JOB_TERMINATED for Condor Node A (1766.4.0)
09/02/15 13:38:11 Number of idle job procs: 0
09/02/15 13:38:11 Node A job proc (1766.4.0) completed successfully.
09/02/15 13:38:11 Event: ULOG_IMAGE_SIZE for Condor Node A (1766.9.0)
09/02/15 13:38:11 Event: ULOG_JOB_TERMINATED for Condor Node A (1766.9.0)
09/02/15 13:38:11 Number of idle job procs: 0
09/02/15 13:38:11 Node A job proc (1766.9.0) completed successfully.
09/02/15 13:38:11 Node A job completed
09/02/15 13:38:11 Of 2 nodes total:
09/02/15 13:38:11  Done     Pre   Queued    Post   Ready   Un-Ready   Failed
09/02/15 13:38:11   ===     ===      ===     ===     ===        ===      ===
09/02/15 13:38:11     1       0        0       0       1          0        0
09/02/15 13:38:11 0 job proc(s) currently held
09/02/15 13:38:16 Unable to get log file from submit file TpcEff_Fit.submit (node B); using default (/home/jdb12/work/rcpMaker/runner/grid/nHitsFit_low/./TpcEff.dag.nodes.log)
09/02/15 13:38:16 Submitting Condor Node B job(s)...
09/02/15 13:38:16 submitting: condor_submit -a dag_node_name' '=' 'B -a +DAGManJobId' '=' '1765 -a DAGManJobId' '=' '1765 -a submit_event_notes' '=' 'DAG' 'Node:' 'B -a log' '=' '/home/jdb12/work/rcpMaker/runner/grid/nHitsFit_low/./TpcEff.dag.nodes.log -a log_xml' '=' 'False -a DAG_STATUS' '=' '0 -a FAILED_COUNT' '=' '0 -a +DAGParentNodeNames' '=' '"A" -a notification' '=' 'never TpcEff_Fit.submit
09/02/15 13:38:17 From submit: Submitting job(s).
09/02/15 13:38:17 From submit: 1 job(s) submitted to cluster 1770.
09/02/15 13:38:17 	assigned Condor ID (1770.0.0)
09/02/15 13:38:17 Just submitted 1 job this cycle...
09/02/15 13:38:17 Currently monitoring 1 Condor log file(s)
09/02/15 13:38:17 Reassigning the id of job B from (1770.0.0) to (1770.0.0)
09/02/15 13:38:17 Event: ULOG_SUBMIT for Condor Node B (1770.0.0)
09/02/15 13:38:17 Number of idle job procs: 1
09/02/15 13:38:17 Of 2 nodes total:
09/02/15 13:38:17  Done     Pre   Queued    Post   Ready   Un-Ready   Failed
09/02/15 13:38:17   ===     ===      ===     ===     ===        ===      ===
09/02/15 13:38:17     1       0        1       0       0          0        0
09/02/15 13:38:17 0 job proc(s) currently held
09/02/15 13:38:22 Currently monitoring 1 Condor log file(s)
09/02/15 13:38:22 Event: ULOG_EXECUTE for Condor Node B (1770.0.0)
09/02/15 13:38:22 Number of idle job procs: 0
09/02/15 13:38:27 Currently monitoring 1 Condor log file(s)
09/02/15 13:38:27 Event: ULOG_IMAGE_SIZE for Condor Node B (1770.0.0)
09/02/15 13:38:27 Event: ULOG_JOB_TERMINATED for Condor Node B (1770.0.0)
09/02/15 13:38:27 Number of idle job procs: 0
09/02/15 13:38:27 Node B job proc (1770.0.0) completed successfully.
09/02/15 13:38:27 Node B job completed
09/02/15 13:38:27 Of 2 nodes total:
09/02/15 13:38:27  Done     Pre   Queued    Post   Ready   Un-Ready   Failed
09/02/15 13:38:27   ===     ===      ===     ===     ===        ===      ===
09/02/15 13:38:27     2       0        0       0       0          0        0
09/02/15 13:38:27 0 job proc(s) currently held
09/02/15 13:38:27 All jobs Completed!
09/02/15 13:38:27 Note: 0 total job deferrals because of -MaxJobs limit (0)
09/02/15 13:38:27 Note: 0 total job deferrals because of -MaxIdle limit (0)
09/02/15 13:38:27 Note: 0 total job deferrals because of node category throttles
09/02/15 13:38:27 Note: 0 total PRE script deferrals because of -MaxPre limit (0)
09/02/15 13:38:27 Note: 0 total POST script deferrals because of -MaxPost limit (0)
09/02/15 13:38:27 Of 2 nodes total:
09/02/15 13:38:27  Done     Pre   Queued    Post   Ready   Un-Ready   Failed
09/02/15 13:38:27   ===     ===      ===     ===     ===        ===      ===
09/02/15 13:38:27     2       0        0       0       0          0        0
09/02/15 13:38:27 0 job proc(s) currently held
09/02/15 13:38:27 Wrote metrics file TpcEff.dag.metrics.
09/02/15 13:38:27 Metrics not sent because of PEGASUS_METRICS or CONDOR_DEVELOPERS setting.
09/02/15 13:38:27 **** condor_scheduniv_exec.1765.0 (condor_DAGMAN) pid 68417 EXITING WITH STATUS 0
