
[1mRooFit v3.60 -- Developed by Wouter Verkerke and David Kirkby[0m 
                Copyright (C) 2000-2013 NIKHEF, University of California & Stanford University
                All rights reserved, please read http://roofit.sourceforge.net/license.txt

Making logger( 0x7fff5afa9528, InclusiveSpectra.Logger ) 
Setting globalLogLevel = info
Looking in InclusiveSpectra.Logger:logLevel
LogLevel = all
Info     : [TreeAnalyzer.TreeAnalyzer] Got config with nodePath = InclusiveSpectra.
Info     : [TreeAnalyzer.TreeAnalyzer]  Creating book ../products/TpcEffMc_K_n.root
Info     : [HistoBook.HistoBook] 
Info     : [HistoBook.HistoBook] Output File : ./../products/TpcEffMc_K_n.root opened
Info in <TCanvas::MakeDefCanvas>:  created default TCanvas with name c1
Info     : [HistoBook.HistoBook]  Set Configuration 
Info     : [HistoBook.saveOnExit] Auto Save on exit set to 1
Info     : [TreeAnalyzer.TreeAnalyzer]  Loading data from /Users/danielbrandenburg/bnl/local/data/RcpAnalysis/embedding/K_Minus_mc.root
Info     : [InclusiveSpectra.InclusiveSpectra] 
Debug    : [InclusiveSpectra.InclusiveSpectra] 0x0
Info     : [InclusiveSpectra.InclusiveSpectra] Rcp Pico
Info     : [InclusiveSpectra.InclusiveSpectra] Got a valid Data Adapter
Info     : [InclusiveSpectra.InclusiveSpectra] Loading Centrality Map
Info     : [InclusiveSpectra.InclusiveSpectra] c[ 0 ] = 6
Info     : [InclusiveSpectra.InclusiveSpectra] Making Track QA
Info     : [InclusiveSpectra.InclusiveSpectra] Making Event QA
Info     : [HistoBook.makeAll]  Found 1 histogram paths 
Info     : [HistoBook.make1D] TH1D( pt, p_{T} [GeV]; p_{T} [GeV]; #Events, 25, [] )
Info     : [InclusiveSpectra.makeCentralityHistos] Making 7 centralities
Info     : [HistoBook.clone]  Cloning pt into pt_p
Info     : [HistoBook.clone]  Cloning pt into pt_n
Info     : [HistoBook.clone]  Cloning pt into pt_tof
Info     : [HistoBook.clone]  Cloning pt into pt_tof_p
Info     : [HistoBook.clone]  Cloning pt into pt_tof_n
Info     : [InclusiveSpectra.makeCentralityHistos] pt_0
Info     : [HistoBook.clone]  Cloning pt into pt_0
Info     : [HistoBook.clone]  Cloning pt into pt_0_p
Info     : [HistoBook.clone]  Cloning pt into pt_0_n
Info     : [InclusiveSpectra.makeCentralityHistos] pt_tof_0
Info     : [HistoBook.clone]  Cloning pt into pt_tof_0_p
Info     : [HistoBook.clone]  Cloning pt into pt_tof_0_n
Info     : [InclusiveSpectra.makeCentralityHistos] pt_1
Info     : [HistoBook.clone]  Cloning pt into pt_1
Info     : [HistoBook.clone]  Cloning pt into pt_1_p
Info     : [HistoBook.clone]  Cloning pt into pt_1_n
Info     : [InclusiveSpectra.makeCentralityHistos] pt_tof_1
Info     : [HistoBook.clone]  Cloning pt into pt_tof_1_p
Info     : [HistoBook.clone]  Cloning pt into pt_tof_1_n
Info     : [InclusiveSpectra.makeCentralityHistos] pt_2
Info     : [HistoBook.clone]  Cloning pt into pt_2
Info     : [HistoBook.clone]  Cloning pt into pt_2_p
Info     : [HistoBook.clone]  Cloning pt into pt_2_n
Info     : [InclusiveSpectra.makeCentralityHistos] pt_tof_2
Info     : [HistoBook.clone]  Cloning pt into pt_tof_2_p
Info     : [HistoBook.clone]  Cloning pt into pt_tof_2_n
Info     : [InclusiveSpectra.makeCentralityHistos] pt_3
Info     : [HistoBook.clone]  Cloning pt into pt_3
Info     : [HistoBook.clone]  Cloning pt into pt_3_p
Info     : [HistoBook.clone]  Cloning pt into pt_3_n
Info     : [InclusiveSpectra.makeCentralityHistos] pt_tof_3
Info     : [HistoBook.clone]  Cloning pt into pt_tof_3_p
Info     : [HistoBook.clone]  Cloning pt into pt_tof_3_n
Info     : [InclusiveSpectra.makeCentralityHistos] pt_4
Info     : [HistoBook.clone]  Cloning pt into pt_4
Info     : [HistoBook.clone]  Cloning pt into pt_4_p
Info     : [HistoBook.clone]  Cloning pt into pt_4_n
Info     : [InclusiveSpectra.makeCentralityHistos] pt_tof_4
Info     : [HistoBook.clone]  Cloning pt into pt_tof_4_p
Info     : [HistoBook.clone]  Cloning pt into pt_tof_4_n
Info     : [InclusiveSpectra.makeCentralityHistos] pt_5
Info     : [HistoBook.clone]  Cloning pt into pt_5
Info     : [HistoBook.clone]  Cloning pt into pt_5_p
Info     : [HistoBook.clone]  Cloning pt into pt_5_n
Info     : [InclusiveSpectra.makeCentralityHistos] pt_tof_5
Info     : [HistoBook.clone]  Cloning pt into pt_tof_5_p
Info     : [HistoBook.clone]  Cloning pt into pt_tof_5_n
Info     : [InclusiveSpectra.makeCentralityHistos] pt_6
Info     : [HistoBook.clone]  Cloning pt into pt_6
Info     : [HistoBook.clone]  Cloning pt into pt_6_p
Info     : [HistoBook.clone]  Cloning pt into pt_6_n
Info     : [InclusiveSpectra.makeCentralityHistos] pt_tof_6
Info     : [HistoBook.clone]  Cloning pt into pt_tof_6_p
Info     : [HistoBook.clone]  Cloning pt into pt_tof_6_n
Info     : [InclusiveSpectra.makeCentralityHistos] [0] = 6
Info     : [InclusiveSpectra.makeCentralityHistos] [1] = 6
Info     : [InclusiveSpectra.makeCentralityHistos] [2] = 5
Info     : [InclusiveSpectra.makeCentralityHistos] [3] = 5
Info     : [InclusiveSpectra.makeCentralityHistos] [4] = 4
Info     : [InclusiveSpectra.makeCentralityHistos] [5] = 3
Info     : [InclusiveSpectra.makeCentralityHistos] [6] = 2
Info     : [InclusiveSpectra.makeCentralityHistos] [7] = 1
Info     : [InclusiveSpectra.makeCentralityHistos] [8] = 0
Info     : [InclusiveSpectra.preEventLoop] Making Event QA histograms 
Info     : [HistoBook.makeAll]  Found 6 histogram paths 
Info     : [HistoBook.make1D] TH1D( corrRefMult, Corrected RefMult, 4999, [] )
Info     : [HistoBook.make1D] TH1D( refMultBin9, Corrected refMult in Bin9, 11, [] )
Info     : [HistoBook.make1D] TH1D( refMultBin16, Corrected refMult in Bin16, 21, [] )
Info     : [HistoBook.make1D] TH1D( mappedRefMultBins, Mapped RefMult Bins; refMult Bin; #, 11, [] )
Info     : [HistoBook.make1D] TH1D( cuts, Event Cuts, 2, [] )
Info     : [HistoBook.make1D] TH1D( mass, Mass Assumption for Rapidity, 2, [] )
Info     : [HistoBook.exists] EventQAmass Does Exist 
Info     : [InclusiveSpectra.preEventLoop] Making track QA histograms 
Info     : [HistoBook.makeAll]  Found 31 histogram paths 
Info     : [HistoBook.make1D] TH1D( cuts, Track Cuts, 15, [] )
Info     : [HistoBook.make2D] TH2D( pre_nHitsFitVsPossible, # Hits Fit vs. # Hits Possible; # HitsFit; # HitsPossilbe, 50, [], 50, [] )
Info     : [HistoBook.make1D] TH1D( nHitsDedx, # Hits dEdx, 50, [] )
Info     : [HistoBook.make1D] TH1D( pre_nHitsDedx, # Hits dEdx, 50, [] )
Info     : [HistoBook.make1D] TH1D( ptPrimary, ptPrimary, 50, [] )
Info     : [HistoBook.make1D] TH1D( pre_ptPrimary, ptPrimary, 50, [] )
Info     : [HistoBook.make1D] TH1D( ptGlobal, ptGlobal, 50, [] )
Info     : [HistoBook.make1D] TH1D( pre_ptGlobal, ptGlobal, 50, [] )
Info     : [HistoBook.make2D] TH2D( ptGlobalVsPrimary, ptGlobal / ptPrimary; ptPrimary; ptGlobal, 50, [], 50, [] )
Info     : [HistoBook.make2D] TH2D( pre_ptGlobalVsPrimary, ptGlobal / ptPrimary; ptPrimary; ptGlobal, 50, [], 50, [] )
Info     : [HistoBook.make1D] TH1D( ptGlobalOverPrimary, ptGlobal / ptPrimary, 199, [] )
Info     : [HistoBook.make1D] TH1D( dca, DCA, 29, [] )
Info     : [HistoBook.make1D] TH1D( pre_ptGlobalOverPrimary, ptGlobal / ptPrimary, 199, [] )
Info     : [HistoBook.make1D] TH1D( yLocal, yLocal, 49, [] )
Info     : [HistoBook.make1D] TH1D( pre_yLocal, yLocal, 49, [] )
Info     : [HistoBook.make1D] TH1D( zLocal, zLocal, 69, [] )
Info     : [HistoBook.make1D] TH1D( pre_zLocal, zLocal, 69, [] )
Info     : [HistoBook.make1D] TH1D( matchFlag, matchFlag, 3, [] )
Info     : [HistoBook.make1D] TH1D( pre_matchFlag, matchFlag, 3, [] )
Info     : [HistoBook.make1D] TH1D( eta, eta, 24, [] )
Info     : [HistoBook.make1D] TH1D( pre_eta, eta, 24, [] )
Info     : [HistoBook.make1D] TH1D( rapidity, rapidity, 12, [] )
Info     : [HistoBook.make1D] TH1D( pre_dca, DCA, 29, [] )
Info     : [HistoBook.make1D] TH1D( pre_rapidity, rapidity, 49, [] )
Info     : [HistoBook.make1D] TH1D( nHitsFit, # Hits Fit / Possible, 50, [] )
Info     : [HistoBook.make1D] TH1D( pre_nHitsFit, # Hits Fit / Possible, 50, [] )
Info     : [HistoBook.make1D] TH1D( nHitsFitOverPossible, # Hits Fit / Possible, 99, [] )
Info     : [HistoBook.make1D] TH1D( pre_nHitsFitOverPossible, # Hits Fit / Possible, 99, [] )
Info     : [HistoBook.make1D] TH1D( nHitsPossible, # Hits Fit / Possible, 50, [] )
Info     : [HistoBook.make1D] TH1D( pre_nHitsPossible, # Hits Fit / Possible, 50, [] )
Info     : [HistoBook.make2D] TH2D( nHitsFitVsPossible, # Hits Fit vs. # Hits Possible, 50, [], 50, [] )
Info     : [InclusiveSpectra.make] Loaded: 112521 events 
Running Task : Event Loop
[============================================================]100%
Info     : [InclusiveSpectra.make] Completed in 43.9733
Info     : [InclusiveSpectra.~TreeAnalyzer] 
Info     : [HistoBook.~HistoBook] 
Info     : [HistoBook.save]  Save to File ./../products/TpcEffMc_K_n.root
Info     : [HistoBook.~HistoBook]  Memory freed, data written, file closed 
Debug    : [InclusiveSpectra.~TreeAnalyzer] Deleted book
Debug    : [InclusiveSpectra.~TreeAnalyzer] Deleted Reporter
Debug    : [InclusiveSpectra.~TreeAnalyzer] Deleting Logger
